{"/home/travis/build/npmtest/node-npmtest-offline-plugin/test.js":{"path":"/home/travis/build/npmtest/node-npmtest-offline-plugin/test.js","s":{"1":2,"2":2,"3":2,"4":2,"5":2,"6":2,"7":2,"8":1,"9":2,"10":2,"11":1,"12":1,"13":1,"14":1,"15":2,"16":2,"17":2,"18":2,"19":1,"20":1,"21":2,"22":2,"23":2,"24":1,"25":1,"26":1,"27":1,"28":1,"29":1,"30":1,"31":1,"32":1,"33":1,"34":1,"35":1,"36":1,"37":1,"38":1,"39":2,"40":2,"41":1,"42":2,"43":2,"44":1,"45":2,"46":2,"47":1,"48":2,"49":2,"50":1,"51":1,"52":1,"53":1,"54":1},"b":{"1":[2,1,1,1],"2":[1,1,1,1],"3":[1,1],"4":[1,1],"5":[1,1],"6":[1,1],"7":[1,1],"8":[1,1],"9":[1,1],"10":[1,1,1],"11":[1,1],"12":[1,1],"13":[1,1],"14":[1,1],"15":[1,1],"16":[1,1],"17":[1,1]},"f":{"1":2,"2":2,"3":2,"4":2,"5":2,"6":1,"7":1,"8":1,"9":2,"10":2,"11":2,"12":2,"13":1},"fnMap":{"1":{"name":"(anonymous_1)","line":12,"loc":{"start":{"line":12,"column":1},"end":{"line":12,"column":13}}},"2":{"name":"(anonymous_2)","line":19,"loc":{"start":{"line":19,"column":5},"end":{"line":19,"column":17}}},"3":{"name":"(anonymous_3)","line":23,"loc":{"start":{"line":23,"column":24},"end":{"line":23,"column":36}}},"4":{"name":"(anonymous_4)","line":61,"loc":{"start":{"line":61,"column":5},"end":{"line":61,"column":17}}},"5":{"name":"(anonymous_5)","line":82,"loc":{"start":{"line":82,"column":5},"end":{"line":82,"column":17}}},"6":{"name":"(anonymous_6)","line":91,"loc":{"start":{"line":91,"column":77},"end":{"line":94,"column":10}}},"7":{"name":"(anonymous_7)","line":112,"loc":{"start":{"line":112,"column":83},"end":{"line":115,"column":10}},"skip":true},"8":{"name":"(anonymous_8)","line":123,"loc":{"start":{"line":123,"column":77},"end":{"line":126,"column":10}},"skip":true},"9":{"name":"(anonymous_9)","line":139,"loc":{"start":{"line":139,"column":12},"end":{"line":139,"column":40}},"skip":true},"10":{"name":"(anonymous_10)","line":147,"loc":{"start":{"line":147,"column":77},"end":{"line":150,"column":10}},"skip":true},"11":{"name":"(anonymous_11)","line":158,"loc":{"start":{"line":158,"column":83},"end":{"line":161,"column":10}},"skip":true},"12":{"name":"(anonymous_12)","line":169,"loc":{"start":{"line":169,"column":79},"end":{"line":172,"column":10}},"skip":true},"13":{"name":"(anonymous_13)","line":180,"loc":{"start":{"line":180,"column":75},"end":{"line":183,"column":10}},"skip":true}},"statementMap":{"1":{"start":{"line":12,"column":0},"end":{"line":195,"column":5}},"2":{"start":{"line":14,"column":4},"end":{"line":14,"column":14}},"3":{"start":{"line":19,"column":4},"end":{"line":56,"column":9}},"4":{"start":{"line":21,"column":8},"end":{"line":21,"column":19}},"5":{"start":{"line":23,"column":8},"end":{"line":35,"column":13}},"6":{"start":{"line":24,"column":12},"end":{"line":34,"column":13}},"7":{"start":{"line":25,"column":16},"end":{"line":28,"column":30}},"8":{"start":{"line":30,"column":16},"end":{"line":33,"column":27}},"9":{"start":{"line":37,"column":8},"end":{"line":39,"column":21}},"10":{"start":{"line":40,"column":8},"end":{"line":53,"column":9}},"11":{"start":{"line":43,"column":12},"end":{"line":46,"column":14}},"12":{"start":{"line":47,"column":12},"end":{"line":47,"column":18}},"13":{"start":{"line":50,"column":12},"end":{"line":51,"column":46}},"14":{"start":{"line":52,"column":12},"end":{"line":52,"column":18}},"15":{"start":{"line":55,"column":8},"end":{"line":55,"column":35}},"16":{"start":{"line":61,"column":4},"end":{"line":63,"column":9}},"17":{"start":{"line":62,"column":8},"end":{"line":62,"column":15}},"18":{"start":{"line":64,"column":4},"end":{"line":77,"column":5}},"19":{"start":{"line":70,"column":8},"end":{"line":70,"column":14}},"20":{"start":{"line":76,"column":8},"end":{"line":76,"column":14}},"21":{"start":{"line":82,"column":4},"end":{"line":84,"column":9}},"22":{"start":{"line":83,"column":8},"end":{"line":83,"column":15}},"23":{"start":{"line":85,"column":4},"end":{"line":194,"column":5}},"24":{"start":{"line":91,"column":8},"end":{"line":99,"column":10}},"25":{"start":{"line":98,"column":12},"end":{"line":98,"column":35}},"26":{"start":{"line":102,"column":8},"end":{"line":104,"column":63}},"27":{"start":{"line":105,"column":8},"end":{"line":105,"column":14}},"28":{"start":{"line":112,"column":8},"end":{"line":121,"column":10},"skip":true},"29":{"start":{"line":119,"column":12},"end":{"line":119,"column":55},"skip":true},"30":{"start":{"line":120,"column":12},"end":{"line":120,"column":48},"skip":true},"31":{"start":{"line":123,"column":8},"end":{"line":136,"column":10},"skip":true},"32":{"start":{"line":130,"column":12},"end":{"line":130,"column":76},"skip":true},"33":{"start":{"line":131,"column":12},"end":{"line":131,"column":73},"skip":true},"34":{"start":{"line":132,"column":12},"end":{"line":132,"column":74},"skip":true},"35":{"start":{"line":133,"column":12},"end":{"line":133,"column":79},"skip":true},"36":{"start":{"line":134,"column":12},"end":{"line":134,"column":25},"skip":true},"37":{"start":{"line":135,"column":12},"end":{"line":135,"column":45},"skip":true},"38":{"start":{"line":138,"column":8},"end":{"line":145,"column":14},"skip":true},"39":{"start":{"line":143,"column":16},"end":{"line":143,"column":29},"skip":true},"40":{"start":{"line":144,"column":16},"end":{"line":144,"column":55},"skip":true},"41":{"start":{"line":147,"column":8},"end":{"line":156,"column":10},"skip":true},"42":{"start":{"line":154,"column":12},"end":{"line":154,"column":25},"skip":true},"43":{"start":{"line":155,"column":12},"end":{"line":155,"column":45},"skip":true},"44":{"start":{"line":158,"column":8},"end":{"line":167,"column":10},"skip":true},"45":{"start":{"line":165,"column":12},"end":{"line":165,"column":25},"skip":true},"46":{"start":{"line":166,"column":12},"end":{"line":166,"column":48},"skip":true},"47":{"start":{"line":169,"column":8},"end":{"line":178,"column":10},"skip":true},"48":{"start":{"line":176,"column":12},"end":{"line":176,"column":25},"skip":true},"49":{"start":{"line":177,"column":12},"end":{"line":177,"column":46},"skip":true},"50":{"start":{"line":180,"column":8},"end":{"line":189,"column":10},"skip":true},"51":{"start":{"line":187,"column":12},"end":{"line":187,"column":94},"skip":true},"52":{"start":{"line":188,"column":12},"end":{"line":188,"column":48},"skip":true},"53":{"start":{"line":192,"column":8},"end":{"line":192,"column":35},"skip":true},"54":{"start":{"line":193,"column":8},"end":{"line":193,"column":14},"skip":true}},"branchMap":{"1":{"line":25,"type":"binary-expr","locations":[{"start":{"line":25,"column":23},"end":{"line":25,"column":62}},{"start":{"line":26,"column":20},"end":{"line":26,"column":70}},{"start":{"line":27,"column":20},"end":{"line":27,"column":71}},{"start":{"line":28,"column":20},"end":{"line":28,"column":29}}]},"2":{"line":30,"type":"binary-expr","locations":[{"start":{"line":30,"column":23},"end":{"line":30,"column":37}},{"start":{"line":31,"column":20},"end":{"line":31,"column":61}},{"start":{"line":32,"column":20},"end":{"line":32,"column":70}},{"start":{"line":33,"column":20},"end":{"line":33,"column":26}}]},"3":{"line":37,"type":"cond-expr","locations":[{"start":{"line":38,"column":14},"end":{"line":38,"column":20}},{"start":{"line":39,"column":14},"end":{"line":39,"column":20}}]},"4":{"line":40,"type":"switch","locations":[{"start":{"line":42,"column":8},"end":{"line":47,"column":18}},{"start":{"line":49,"column":8},"end":{"line":52,"column":18}}]},"5":{"line":44,"type":"binary-expr","locations":[{"start":{"line":44,"column":16},"end":{"line":44,"column":44}},{"start":{"line":44,"column":48},"end":{"line":44,"column":66}}]},"6":{"line":50,"type":"binary-expr","locations":[{"start":{"line":50,"column":21},"end":{"line":50,"column":49}},{"start":{"line":50,"column":53},"end":{"line":50,"column":72}}]},"7":{"line":64,"type":"switch","locations":[{"start":{"line":69,"column":4},"end":{"line":70,"column":14}},{"start":{"line":75,"column":4},"end":{"line":76,"column":14}}]},"8":{"line":85,"type":"switch","locations":[{"start":{"line":90,"column":4},"end":{"line":105,"column":14}},{"start":{"line":111,"column":4},"end":{"line":193,"column":14},"skip":true}]},"9":{"line":91,"type":"binary-expr","locations":[{"start":{"line":91,"column":42},"end":{"line":91,"column":73}},{"start":{"line":91,"column":77},"end":{"line":99,"column":9}}]},"10":{"line":102,"type":"binary-expr","locations":[{"start":{"line":102,"column":18},"end":{"line":102,"column":32}},{"start":{"line":103,"column":12},"end":{"line":103,"column":53}},{"start":{"line":104,"column":12},"end":{"line":104,"column":61}}]},"11":{"line":112,"type":"binary-expr","locations":[{"start":{"line":112,"column":45},"end":{"line":112,"column":79},"skip":true},{"start":{"line":112,"column":83},"end":{"line":121,"column":9},"skip":true}]},"12":{"line":123,"type":"binary-expr","locations":[{"start":{"line":123,"column":42},"end":{"line":123,"column":73},"skip":true},{"start":{"line":123,"column":77},"end":{"line":136,"column":9},"skip":true}]},"13":{"line":138,"type":"binary-expr","locations":[{"start":{"line":138,"column":48},"end":{"line":138,"column":85},"skip":true},{"start":{"line":139,"column":12},"end":{"line":145,"column":13},"skip":true}]},"14":{"line":147,"type":"binary-expr","locations":[{"start":{"line":147,"column":42},"end":{"line":147,"column":73},"skip":true},{"start":{"line":147,"column":77},"end":{"line":156,"column":9},"skip":true}]},"15":{"line":158,"type":"binary-expr","locations":[{"start":{"line":158,"column":45},"end":{"line":158,"column":79},"skip":true},{"start":{"line":158,"column":83},"end":{"line":167,"column":9},"skip":true}]},"16":{"line":169,"type":"binary-expr","locations":[{"start":{"line":169,"column":43},"end":{"line":169,"column":75},"skip":true},{"start":{"line":169,"column":79},"end":{"line":178,"column":9},"skip":true}]},"17":{"line":180,"type":"binary-expr","locations":[{"start":{"line":180,"column":41},"end":{"line":180,"column":71},"skip":true},{"start":{"line":180,"column":75},"end":{"line":189,"column":9},"skip":true}]}},"code":["/* istanbul instrument in package npmtest_offline_plugin */","/*jslint","    bitwise: true,","    browser: true,","    maxerr: 8,","    maxlen: 96,","    node: true,","    nomen: true,","    regexp: true,","    stupid: true","*/","(function () {","    'use strict';","    var local;","","","","    // run shared js-env code - pre-init","    (function () {","        // init local","        local = {};","        // init modeJs","        local.modeJs = (function () {","            try {","                return typeof navigator.userAgent === 'string' &&","                    typeof document.querySelector('body') === 'object' &&","                    typeof XMLHttpRequest.prototype.open === 'function' &&","                    'browser';","            } catch (errorCaughtBrowser) {","                return module.exports &&","                    typeof process.versions.node === 'string' &&","                    typeof require('http').createServer === 'function' &&","                    'node';","            }","        }());","        // init global","        local.global = local.modeJs === 'browser'","            ? window","            : global;","        switch (local.modeJs) {","        // re-init local from window.local","        case 'browser':","            local = local.global.utility2.objectSetDefault(","                local.global.utility2_rollup || local.global.local,","                local.global.utility2","            );","            break;","        // re-init local from example.js","        case 'node':","            local = (local.global.utility2_rollup || require('utility2'))","                .requireExampleJsFromReadme();","            break;","        }","        // export local","        local.global.local = local;","    }());","","","","    // run shared js-env code - function","    (function () {","        return;","    }());","    switch (local.modeJs) {","","","","    // run browser js-env code - function","    case 'browser':","        break;","","","","    // run node js-env code - function","    case 'node':","        break;","    }","","","","    // run shared js-env code - post-init","    (function () {","        return;","    }());","    switch (local.modeJs) {","","","","    // run browser js-env code - post-init","    case 'browser':","        local.testCase_browser_nullCase = local.testCase_browser_nullCase || function (","            options,","            onError","        ) {","        /*","         * this function will test browsers's null-case handling-behavior-behavior","         */","            onError(null, options);","        };","","        // run tests","        local.nop(local.modeTest &&","            document.querySelector('#testRunButton1') &&","            document.querySelector('#testRunButton1').click());","        break;","","","","    // run node js-env code - post-init","    /* istanbul ignore next */","    case 'node':","        local.testCase_buildApidoc_default = local.testCase_buildApidoc_default || function (","            options,","            onError","        ) {","        /*","         * this function will test buildApidoc's default handling-behavior-behavior","         */","            options = { modulePathList: module.paths };","            local.buildApidoc(options, onError);","        };","","        local.testCase_buildApp_default = local.testCase_buildApp_default || function (","            options,","            onError","        ) {","        /*","         * this function will test buildApp's default handling-behavior-behavior","         */","            local.testCase_buildReadme_default(options, local.onErrorThrow);","            local.testCase_buildLib_default(options, local.onErrorThrow);","            local.testCase_buildTest_default(options, local.onErrorThrow);","            local.testCase_buildCustomOrg_default(options, local.onErrorThrow);","            options = [];","            local.buildApp(options, onError);","        };","","        local.testCase_buildCustomOrg_default = local.testCase_buildCustomOrg_default ||","            function (options, onError) {","            /*","             * this function will test buildCustomOrg's default handling-behavior","             */","                options = {};","                local.buildCustomOrg(options, onError);","            };","","        local.testCase_buildLib_default = local.testCase_buildLib_default || function (","            options,","            onError","        ) {","        /*","         * this function will test buildLib's default handling-behavior","         */","            options = {};","            local.buildLib(options, onError);","        };","","        local.testCase_buildReadme_default = local.testCase_buildReadme_default || function (","            options,","            onError","        ) {","        /*","         * this function will test buildReadme's default handling-behavior-behavior","         */","            options = {};","            local.buildReadme(options, onError);","        };","","        local.testCase_buildTest_default = local.testCase_buildTest_default || function (","            options,","            onError","        ) {","        /*","         * this function will test buildTest's default handling-behavior","         */","            options = {};","            local.buildTest(options, onError);","        };","","        local.testCase_webpage_default = local.testCase_webpage_default || function (","            options,","            onError","        ) {","        /*","         * this function will test webpage's default handling-behavior","         */","            options = { modeCoverageMerge: true, url: local.serverLocalHost + '?modeTest=1' };","            local.browserTest(options, onError);","        };","","        // run test-server","        local.testRunServer(local);","        break;","    }","}());",""],"l":{"12":2,"14":2,"19":2,"21":2,"23":2,"24":2,"25":2,"30":1,"37":2,"40":2,"43":1,"47":1,"50":1,"52":1,"55":2,"61":2,"62":2,"64":2,"70":1,"76":1,"82":2,"83":2,"85":2,"91":1,"98":1,"102":1,"105":1,"112":1,"119":1,"120":1,"123":1,"130":1,"131":1,"132":1,"133":1,"134":1,"135":1,"138":1,"143":2,"144":2,"147":1,"154":2,"155":2,"158":1,"165":2,"166":2,"169":1,"176":2,"177":2,"180":1,"187":1,"188":1,"192":1,"193":1}},"/home/travis/build/npmtest/node-npmtest-offline-plugin/lib.npmtest_offline_plugin.js":{"path":"/home/travis/build/npmtest/node-npmtest-offline-plugin/lib.npmtest_offline_plugin.js","s":{"1":2,"2":2,"3":2,"4":2,"5":2,"6":2,"7":2,"8":1,"9":2,"10":2,"11":2,"12":2,"13":1,"14":1,"15":1,"16":1},"b":{"1":[2,1,1,1],"2":[1,1,1,1],"3":[1,1],"4":[2,2],"5":[1,1]},"f":{"1":2,"2":2,"3":2},"fnMap":{"1":{"name":"(anonymous_1)","line":12,"loc":{"start":{"line":12,"column":1},"end":{"line":12,"column":13}}},"2":{"name":"(anonymous_2)","line":19,"loc":{"start":{"line":19,"column":5},"end":{"line":19,"column":17}}},"3":{"name":"(anonymous_3)","line":23,"loc":{"start":{"line":23,"column":24},"end":{"line":23,"column":36}}}},"statementMap":{"1":{"start":{"line":12,"column":0},"end":{"line":53,"column":5}},"2":{"start":{"line":14,"column":4},"end":{"line":14,"column":14}},"3":{"start":{"line":19,"column":4},"end":{"line":52,"column":9}},"4":{"start":{"line":21,"column":8},"end":{"line":21,"column":19}},"5":{"start":{"line":23,"column":8},"end":{"line":35,"column":13}},"6":{"start":{"line":24,"column":12},"end":{"line":34,"column":13}},"7":{"start":{"line":25,"column":16},"end":{"line":28,"column":30}},"8":{"start":{"line":30,"column":16},"end":{"line":33,"column":27}},"9":{"start":{"line":37,"column":8},"end":{"line":39,"column":21}},"10":{"start":{"line":41,"column":8},"end":{"line":41,"column":54}},"11":{"start":{"line":43,"column":8},"end":{"line":43,"column":59}},"12":{"start":{"line":45,"column":8},"end":{"line":51,"column":9}},"13":{"start":{"line":46,"column":12},"end":{"line":46,"column":65}},"14":{"start":{"line":48,"column":12},"end":{"line":48,"column":35}},"15":{"start":{"line":49,"column":12},"end":{"line":49,"column":49}},"16":{"start":{"line":50,"column":12},"end":{"line":50,"column":43}}},"branchMap":{"1":{"line":25,"type":"binary-expr","locations":[{"start":{"line":25,"column":23},"end":{"line":25,"column":62}},{"start":{"line":26,"column":20},"end":{"line":26,"column":70}},{"start":{"line":27,"column":20},"end":{"line":27,"column":71}},{"start":{"line":28,"column":20},"end":{"line":28,"column":29}}]},"2":{"line":30,"type":"binary-expr","locations":[{"start":{"line":30,"column":23},"end":{"line":30,"column":37}},{"start":{"line":31,"column":20},"end":{"line":31,"column":61}},{"start":{"line":32,"column":20},"end":{"line":32,"column":70}},{"start":{"line":33,"column":20},"end":{"line":33,"column":26}}]},"3":{"line":37,"type":"cond-expr","locations":[{"start":{"line":38,"column":14},"end":{"line":38,"column":20}},{"start":{"line":39,"column":14},"end":{"line":39,"column":20}}]},"4":{"line":41,"type":"binary-expr","locations":[{"start":{"line":41,"column":16},"end":{"line":41,"column":44}},{"start":{"line":41,"column":48},"end":{"line":41,"column":53}}]},"5":{"line":45,"type":"if","locations":[{"start":{"line":45,"column":8},"end":{"line":45,"column":8}},{"start":{"line":45,"column":8},"end":{"line":45,"column":8}}]}},"code":["/* istanbul instrument in package npmtest_offline_plugin */","/*jslint","    bitwise: true,","    browser: true,","    maxerr: 8,","    maxlen: 96,","    node: true,","    nomen: true,","    regexp: true,","    stupid: true","*/","(function () {","    'use strict';","    var local;","","","","    // run shared js-env code - pre-init","    (function () {","        // init local","        local = {};","        // init modeJs","        local.modeJs = (function () {","            try {","                return typeof navigator.userAgent === 'string' &&","                    typeof document.querySelector('body') === 'object' &&","                    typeof XMLHttpRequest.prototype.open === 'function' &&","                    'browser';","            } catch (errorCaughtBrowser) {","                return module.exports &&","                    typeof process.versions.node === 'string' &&","                    typeof require('http').createServer === 'function' &&","                    'node';","            }","        }());","        // init global","        local.global = local.modeJs === 'browser'","            ? window","            : global;","        // init utility2_rollup","        local = local.global.utility2_rollup || local;","        // init lib","        local.local = local.npmtest_offline_plugin = local;","        // init exports","        if (local.modeJs === 'browser') {","            local.global.utility2_npmtest_offline_plugin = local;","        } else {","            module.exports = local;","            module.exports.__dirname = __dirname;","            module.exports.module = module;","        }","    }());","}());",""],"l":{"12":2,"14":2,"19":2,"21":2,"23":2,"24":2,"25":2,"30":1,"37":2,"41":2,"43":2,"45":2,"46":1,"48":1,"49":1,"50":1}},"/home/travis/build/npmtest/node-npmtest-offline-plugin/example.js":{"path":"/home/travis/build/npmtest/node-npmtest-offline-plugin/example.js","s":{"1":2,"2":2,"3":2,"4":2,"5":2,"6":2,"7":2,"8":1,"9":2,"10":2,"11":2,"12":2,"13":1,"14":2,"15":2,"16":2,"17":2,"18":2,"19":0,"20":2,"21":1,"22":1,"23":1,"24":1,"25":1,"26":0,"27":0,"28":1,"29":1,"30":2,"31":0,"32":0,"33":0,"34":1,"35":2,"36":2,"37":3,"38":3,"39":3,"40":3,"41":0,"42":3,"43":3,"44":3,"45":1,"46":3,"47":1,"48":1,"49":1,"50":1,"51":1,"52":1,"53":1,"54":1,"55":1,"56":1,"57":0,"58":1,"59":6,"60":6,"61":1,"62":2,"63":0,"64":2,"65":1,"66":1,"67":0,"68":0,"69":0,"70":0,"71":0,"72":0,"73":0,"74":0,"75":0,"76":0,"77":0,"78":0,"79":0,"80":0,"81":0,"82":0,"83":0},"b":{"1":[2,1,1,1],"2":[1,1,1,1],"3":[1,1],"4":[2,2],"5":[1,1],"6":[1,1],"7":[2,0],"8":[2,1,1,1,1,1],"9":[0,2,0],"10":[1,1],"11":[2,1,1],"12":[1,0],"13":[0,2],"14":[2,0,0,0,0,0,0],"15":[0,3],"16":[3,0],"17":[1,1],"18":[0,1],"19":[1,2,0,2],"20":[1,0],"21":[1,1],"22":[0,0],"23":[0,0],"24":[0,0],"25":[0,0],"26":[0,0],"27":[0,0],"28":[0,0]},"f":{"1":2,"2":2,"3":2,"4":2,"5":2,"6":2,"7":3,"8":3,"9":3,"10":1,"11":6,"12":0},"fnMap":{"1":{"name":"(anonymous_1)","line":26,"loc":{"start":{"line":26,"column":1},"end":{"line":26,"column":13}}},"2":{"name":"(anonymous_2)","line":33,"loc":{"start":{"line":33,"column":5},"end":{"line":33,"column":17}}},"3":{"name":"(anonymous_3)","line":37,"loc":{"start":{"line":37,"column":24},"end":{"line":37,"column":36}}},"4":{"name":"(anonymous_4)","line":69,"loc":{"start":{"line":69,"column":31},"end":{"line":69,"column":48}},"skip":true},"5":{"name":"(anonymous_5)","line":78,"loc":{"start":{"line":78,"column":26},"end":{"line":78,"column":45}},"skip":true},"6":{"name":"(anonymous_6)","line":123,"loc":{"start":{"line":123,"column":33},"end":{"line":123,"column":48}},"skip":true},"7":{"name":"(anonymous_7)","line":125,"loc":{"start":{"line":125,"column":27},"end":{"line":125,"column":39}},"skip":true},"8":{"name":"(anonymous_8)","line":133,"loc":{"start":{"line":133,"column":59},"end":{"line":133,"column":74}},"skip":true},"9":{"name":"(anonymous_9)","line":143,"loc":{"start":{"line":143,"column":45},"end":{"line":143,"column":62}},"skip":true},"10":{"name":"(anonymous_10)","line":144,"loc":{"start":{"line":144,"column":73},"end":{"line":144,"column":92}},"skip":true},"11":{"name":"(anonymous_11)","line":272,"loc":{"start":{"line":272,"column":51},"end":{"line":272,"column":77}},"skip":true},"12":{"name":"(anonymous_12)","line":315,"loc":{"start":{"line":315,"column":32},"end":{"line":315,"column":61}},"skip":true}},"statementMap":{"1":{"start":{"line":26,"column":0},"end":{"line":326,"column":5}},"2":{"start":{"line":28,"column":4},"end":{"line":28,"column":14}},"3":{"start":{"line":33,"column":4},"end":{"line":60,"column":9}},"4":{"start":{"line":35,"column":8},"end":{"line":35,"column":19}},"5":{"start":{"line":37,"column":8},"end":{"line":49,"column":13}},"6":{"start":{"line":38,"column":12},"end":{"line":48,"column":13}},"7":{"start":{"line":39,"column":16},"end":{"line":42,"column":30}},"8":{"start":{"line":44,"column":16},"end":{"line":47,"column":27}},"9":{"start":{"line":51,"column":8},"end":{"line":53,"column":21}},"10":{"start":{"line":55,"column":8},"end":{"line":57,"column":45}},"11":{"start":{"line":59,"column":8},"end":{"line":59,"column":35}},"12":{"start":{"line":61,"column":4},"end":{"line":325,"column":5}},"13":{"start":{"line":69,"column":8},"end":{"line":121,"column":10},"skip":true},"14":{"start":{"line":70,"column":12},"end":{"line":88,"column":13},"skip":true},"15":{"start":{"line":76,"column":16},"end":{"line":87,"column":19},"skip":true},"16":{"start":{"line":79,"column":20},"end":{"line":86,"column":21},"skip":true},"17":{"start":{"line":82,"column":24},"end":{"line":82,"column":43},"skip":true},"18":{"start":{"line":83,"column":24},"end":{"line":83,"column":30},"skip":true},"19":{"start":{"line":85,"column":24},"end":{"line":85,"column":49},"skip":true},"20":{"start":{"line":89,"column":12},"end":{"line":107,"column":13},"skip":true},"21":{"start":{"line":92,"column":16},"end":{"line":102,"column":17},"skip":true},"22":{"start":{"line":93,"column":20},"end":{"line":93,"column":86},"skip":true},"23":{"start":{"line":94,"column":20},"end":{"line":95,"column":45},"skip":true},"24":{"start":{"line":96,"column":20},"end":{"line":96,"column":42},"skip":true},"25":{"start":{"line":97,"column":20},"end":{"line":97,"column":48},"skip":true},"26":{"start":{"line":100,"column":20},"end":{"line":100,"column":85},"skip":true},"27":{"start":{"line":101,"column":20},"end":{"line":101,"column":96},"skip":true},"28":{"start":{"line":103,"column":16},"end":{"line":103,"column":22},"skip":true},"29":{"start":{"line":106,"column":16},"end":{"line":106,"column":22},"skip":true},"30":{"start":{"line":108,"column":12},"end":{"line":120,"column":13},"skip":true},"31":{"start":{"line":114,"column":16},"end":{"line":119,"column":17},"skip":true},"32":{"start":{"line":116,"column":20},"end":{"line":116,"column":78},"skip":true},"33":{"start":{"line":118,"column":20},"end":{"line":118,"column":47},"skip":true},"34":{"start":{"line":123,"column":8},"end":{"line":141,"column":11},"skip":true},"35":{"start":{"line":124,"column":12},"end":{"line":124,"column":54},"skip":true},"36":{"start":{"line":125,"column":12},"end":{"line":140,"column":14},"skip":true},"37":{"start":{"line":126,"column":16},"end":{"line":126,"column":28},"skip":true},"38":{"start":{"line":127,"column":16},"end":{"line":127,"column":69},"skip":true},"39":{"start":{"line":128,"column":16},"end":{"line":128,"column":75},"skip":true},"40":{"start":{"line":129,"column":16},"end":{"line":131,"column":17},"skip":true},"41":{"start":{"line":130,"column":20},"end":{"line":130,"column":27},"skip":true},"42":{"start":{"line":133,"column":16},"end":{"line":137,"column":36},"skip":true},"43":{"start":{"line":134,"column":20},"end":{"line":136,"column":55},"skip":true},"44":{"start":{"line":139,"column":16},"end":{"line":139,"column":57},"skip":true},"45":{"start":{"line":143,"column":8},"end":{"line":147,"column":11},"skip":true},"46":{"start":{"line":144,"column":12},"end":{"line":146,"column":15},"skip":true},"47":{"start":{"line":145,"column":16},"end":{"line":145,"column":70},"skip":true},"48":{"start":{"line":149,"column":8},"end":{"line":149,"column":31},"skip":true},"49":{"start":{"line":150,"column":8},"end":{"line":150,"column":14},"skip":true},"50":{"start":{"line":158,"column":8},"end":{"line":158,"column":31},"skip":true},"51":{"start":{"line":160,"column":8},"end":{"line":160,"column":33},"skip":true},"52":{"start":{"line":161,"column":8},"end":{"line":161,"column":37},"skip":true},"53":{"start":{"line":162,"column":8},"end":{"line":162,"column":35},"skip":true},"54":{"start":{"line":164,"column":8},"end":{"line":164,"column":50},"skip":true},"55":{"start":{"line":166,"column":8},"end":{"line":256,"column":2},"skip":true},"56":{"start":{"line":258,"column":8},"end":{"line":286,"column":9},"skip":true},"57":{"start":{"line":259,"column":12},"end":{"line":269,"column":14},"skip":true},"58":{"start":{"line":271,"column":12},"end":{"line":285,"column":19},"skip":true},"59":{"start":{"line":274,"column":20},"end":{"line":274,"column":35},"skip":true},"60":{"start":{"line":275,"column":20},"end":{"line":284,"column":21},"skip":true},"61":{"start":{"line":277,"column":24},"end":{"line":277,"column":64},"skip":true},"62":{"start":{"line":279,"column":24},"end":{"line":279,"column":40},"skip":true},"63":{"start":{"line":281,"column":24},"end":{"line":281,"column":40},"skip":true},"64":{"start":{"line":283,"column":24},"end":{"line":283,"column":39},"skip":true},"65":{"start":{"line":288,"column":8},"end":{"line":290,"column":9},"skip":true},"66":{"start":{"line":289,"column":12},"end":{"line":289,"column":18},"skip":true},"67":{"start":{"line":291,"column":8},"end":{"line":293,"column":54},"skip":true},"68":{"start":{"line":296,"column":8},"end":{"line":301,"column":37},"skip":true},"69":{"start":{"line":303,"column":8},"end":{"line":303,"column":82},"skip":true},"70":{"start":{"line":306,"column":8},"end":{"line":308,"column":9},"skip":true},"71":{"start":{"line":307,"column":12},"end":{"line":307,"column":82},"skip":true},"72":{"start":{"line":310,"column":8},"end":{"line":312,"column":9},"skip":true},"73":{"start":{"line":311,"column":12},"end":{"line":311,"column":18},"skip":true},"74":{"start":{"line":313,"column":8},"end":{"line":313,"column":54},"skip":true},"75":{"start":{"line":314,"column":8},"end":{"line":314,"column":69},"skip":true},"76":{"start":{"line":315,"column":8},"end":{"line":323,"column":36},"skip":true},"77":{"start":{"line":316,"column":12},"end":{"line":316,"column":61},"skip":true},"78":{"start":{"line":317,"column":12},"end":{"line":320,"column":13},"skip":true},"79":{"start":{"line":318,"column":16},"end":{"line":318,"column":75},"skip":true},"80":{"start":{"line":319,"column":16},"end":{"line":319,"column":23},"skip":true},"81":{"start":{"line":321,"column":12},"end":{"line":321,"column":38},"skip":true},"82":{"start":{"line":322,"column":12},"end":{"line":322,"column":27},"skip":true},"83":{"start":{"line":324,"column":8},"end":{"line":324,"column":14},"skip":true}},"branchMap":{"1":{"line":39,"type":"binary-expr","locations":[{"start":{"line":39,"column":23},"end":{"line":39,"column":62}},{"start":{"line":40,"column":20},"end":{"line":40,"column":70}},{"start":{"line":41,"column":20},"end":{"line":41,"column":71}},{"start":{"line":42,"column":20},"end":{"line":42,"column":29}}]},"2":{"line":44,"type":"binary-expr","locations":[{"start":{"line":44,"column":23},"end":{"line":44,"column":37}},{"start":{"line":45,"column":20},"end":{"line":45,"column":61}},{"start":{"line":46,"column":20},"end":{"line":46,"column":70}},{"start":{"line":47,"column":20},"end":{"line":47,"column":26}}]},"3":{"line":51,"type":"cond-expr","locations":[{"start":{"line":52,"column":14},"end":{"line":52,"column":20}},{"start":{"line":53,"column":14},"end":{"line":53,"column":20}}]},"4":{"line":55,"type":"binary-expr","locations":[{"start":{"line":55,"column":16},"end":{"line":55,"column":44}},{"start":{"line":55,"column":49},"end":{"line":57,"column":43}}]},"5":{"line":55,"type":"cond-expr","locations":[{"start":{"line":56,"column":14},"end":{"line":56,"column":58}},{"start":{"line":57,"column":14},"end":{"line":57,"column":43}}]},"6":{"line":61,"type":"switch","locations":[{"start":{"line":68,"column":4},"end":{"line":150,"column":14},"skip":true},{"start":{"line":156,"column":4},"end":{"line":324,"column":14},"skip":true}]},"7":{"line":70,"type":"if","locations":[{"start":{"line":70,"column":12},"end":{"line":70,"column":12},"skip":true},{"start":{"line":70,"column":12},"end":{"line":70,"column":12},"skip":true}]},"8":{"line":70,"type":"binary-expr","locations":[{"start":{"line":70,"column":16},"end":{"line":70,"column":22},"skip":true},{"start":{"line":70,"column":27},"end":{"line":70,"column":32},"skip":true},{"start":{"line":71,"column":20},"end":{"line":71,"column":39},"skip":true},{"start":{"line":72,"column":20},"end":{"line":72,"column":49},"skip":true},{"start":{"line":73,"column":20},"end":{"line":73,"column":58},"skip":true},{"start":{"line":74,"column":20},"end":{"line":74,"column":69},"skip":true}]},"9":{"line":79,"type":"switch","locations":[{"start":{"line":80,"column":20},"end":{"line":80,"column":33},"skip":true},{"start":{"line":81,"column":20},"end":{"line":83,"column":30},"skip":true},{"start":{"line":84,"column":20},"end":{"line":85,"column":49},"skip":true}]},"10":{"line":89,"type":"switch","locations":[{"start":{"line":90,"column":12},"end":{"line":103,"column":22},"skip":true},{"start":{"line":105,"column":12},"end":{"line":106,"column":22},"skip":true}]},"11":{"line":89,"type":"binary-expr","locations":[{"start":{"line":89,"column":20},"end":{"line":89,"column":25},"skip":true},{"start":{"line":89,"column":29},"end":{"line":89,"column":48},"skip":true},{"start":{"line":89,"column":52},"end":{"line":89,"column":74},"skip":true}]},"12":{"line":92,"type":"if","locations":[{"start":{"line":92,"column":16},"end":{"line":92,"column":16},"skip":true},{"start":{"line":92,"column":16},"end":{"line":92,"column":16},"skip":true}]},"13":{"line":108,"type":"if","locations":[{"start":{"line":108,"column":12},"end":{"line":108,"column":12},"skip":true},{"start":{"line":108,"column":12},"end":{"line":108,"column":12},"skip":true}]},"14":{"line":108,"type":"binary-expr","locations":[{"start":{"line":108,"column":16},"end":{"line":108,"column":61},"skip":true},{"start":{"line":108,"column":66},"end":{"line":108,"column":72},"skip":true},{"start":{"line":108,"column":77},"end":{"line":108,"column":82},"skip":true},{"start":{"line":109,"column":20},"end":{"line":109,"column":39},"skip":true},{"start":{"line":110,"column":20},"end":{"line":110,"column":49},"skip":true},{"start":{"line":111,"column":20},"end":{"line":111,"column":58},"skip":true},{"start":{"line":112,"column":20},"end":{"line":112,"column":68},"skip":true}]},"15":{"line":129,"type":"if","locations":[{"start":{"line":129,"column":16},"end":{"line":129,"column":16},"skip":true},{"start":{"line":129,"column":16},"end":{"line":129,"column":16},"skip":true}]},"16":{"line":134,"type":"cond-expr","locations":[{"start":{"line":135,"column":26},"end":{"line":135,"column":29},"skip":true},{"start":{"line":136,"column":26},"end":{"line":136,"column":54},"skip":true}]},"17":{"line":164,"type":"binary-expr","locations":[{"start":{"line":164,"column":27},"end":{"line":164,"column":43},"skip":true},{"start":{"line":164,"column":47},"end":{"line":164,"column":49},"skip":true}]},"18":{"line":258,"type":"if","locations":[{"start":{"line":258,"column":8},"end":{"line":258,"column":8},"skip":true},{"start":{"line":258,"column":8},"end":{"line":258,"column":8},"skip":true}]},"19":{"line":275,"type":"switch","locations":[{"start":{"line":276,"column":20},"end":{"line":277,"column":64},"skip":true},{"start":{"line":278,"column":20},"end":{"line":279,"column":40},"skip":true},{"start":{"line":280,"column":20},"end":{"line":281,"column":40},"skip":true},{"start":{"line":282,"column":20},"end":{"line":283,"column":39},"skip":true}]},"20":{"line":288,"type":"if","locations":[{"start":{"line":288,"column":8},"end":{"line":288,"column":8},"skip":true},{"start":{"line":288,"column":8},"end":{"line":288,"column":8},"skip":true}]},"21":{"line":288,"type":"binary-expr","locations":[{"start":{"line":288,"column":12},"end":{"line":288,"column":40},"skip":true},{"start":{"line":288,"column":44},"end":{"line":288,"column":67},"skip":true}]},"22":{"line":292,"type":"binary-expr","locations":[{"start":{"line":292,"column":12},"end":{"line":292,"column":50},"skip":true},{"start":{"line":293,"column":12},"end":{"line":293,"column":53},"skip":true}]},"23":{"line":297,"type":"binary-expr","locations":[{"start":{"line":297,"column":12},"end":{"line":297,"column":72},"skip":true},{"start":{"line":298,"column":12},"end":{"line":301,"column":36},"skip":true}]},"24":{"line":303,"type":"binary-expr","locations":[{"start":{"line":303,"column":43},"end":{"line":303,"column":75},"skip":true},{"start":{"line":303,"column":79},"end":{"line":303,"column":81},"skip":true}]},"25":{"line":306,"type":"if","locations":[{"start":{"line":306,"column":8},"end":{"line":306,"column":8},"skip":true},{"start":{"line":306,"column":8},"end":{"line":306,"column":8},"skip":true}]},"26":{"line":310,"type":"if","locations":[{"start":{"line":310,"column":8},"end":{"line":310,"column":8},"skip":true},{"start":{"line":310,"column":8},"end":{"line":310,"column":8},"skip":true}]},"27":{"line":313,"type":"binary-expr","locations":[{"start":{"line":313,"column":27},"end":{"line":313,"column":43},"skip":true},{"start":{"line":313,"column":47},"end":{"line":313,"column":53},"skip":true}]},"28":{"line":317,"type":"if","locations":[{"start":{"line":317,"column":12},"end":{"line":317,"column":12},"skip":true},{"start":{"line":317,"column":12},"end":{"line":317,"column":12},"skip":true}]}},"code":["/*","example.js","","quickstart example","","instruction","    1. save this script as example.js","    2. run the shell command:","        $ npm install npmtest-offline-plugin && PORT=8081 node example.js","    3. play with the browser-demo on http://127.0.0.1:8081","*/","","","","/* istanbul instrument in package npmtest_offline_plugin */","/*jslint","    bitwise: true,","    browser: true,","    maxerr: 8,","    maxlen: 96,","    node: true,","    nomen: true,","    regexp: true,","    stupid: true","*/","(function () {","    'use strict';","    var local;","","","","    // run shared js-env code - pre-init","    (function () {","        // init local","        local = {};","        // init modeJs","        local.modeJs = (function () {","            try {","                return typeof navigator.userAgent === 'string' &&","                    typeof document.querySelector('body') === 'object' &&","                    typeof XMLHttpRequest.prototype.open === 'function' &&","                    'browser';","            } catch (errorCaughtBrowser) {","                return module.exports &&","                    typeof process.versions.node === 'string' &&","                    typeof require('http').createServer === 'function' &&","                    'node';","            }","        }());","        // init global","        local.global = local.modeJs === 'browser'","            ? window","            : global;","        // init utility2_rollup","        local = local.global.utility2_rollup || (local.modeJs === 'browser'","            ? local.global.utility2_npmtest_offline_plugin","            : global.utility2_moduleExports);","        // export local","        local.global.local = local;","    }());","    switch (local.modeJs) {","","","","    // post-init","    // run browser js-env code - post-init","    /* istanbul ignore next */","    case 'browser':","        local.testRunBrowser = function (event) {","            if (!event || (event &&","                    event.currentTarget &&","                    event.currentTarget.className &&","                    event.currentTarget.className.includes &&","                    event.currentTarget.className.includes('onreset'))) {","                // reset output","                Array.from(","                    document.querySelectorAll('body > .resettable')","                ).forEach(function (element) {","                    switch (element.tagName) {","                    case 'INPUT':","                    case 'TEXTAREA':","                        element.value = '';","                        break;","                    default:","                        element.textContent = '';","                    }","                });","            }","            switch (event && event.currentTarget && event.currentTarget.id) {","            case 'testRunButton1':","                // show tests","                if (document.querySelector('#testReportDiv1').style.display === 'none') {","                    document.querySelector('#testReportDiv1').style.display = 'block';","                    document.querySelector('#testRunButton1').textContent =","                        'hide internal test';","                    local.modeTest = true;","                    local.testRunDefault(local);","                // hide tests","                } else {","                    document.querySelector('#testReportDiv1').style.display = 'none';","                    document.querySelector('#testRunButton1').textContent = 'run internal test';","                }","                break;","            // custom-case","            default:","                break;","            }","            if (document.querySelector('#inputTextareaEval1') && (!event || (event &&","                    event.currentTarget &&","                    event.currentTarget.className &&","                    event.currentTarget.className.includes &&","                    event.currentTarget.className.includes('oneval')))) {","                // try to eval input-code","                try {","                    /*jslint evil: true*/","                    eval(document.querySelector('#inputTextareaEval1').value);","                } catch (errorCaught) {","                    console.error(errorCaught);","                }","            }","        };","        // log stderr and stdout to #outputTextareaStdout1","        ['error', 'log'].forEach(function (key) {","            console[key + '_original'] = console[key];","            console[key] = function () {","                var element;","                console[key + '_original'].apply(console, arguments);","                element = document.querySelector('#outputTextareaStdout1');","                if (!element) {","                    return;","                }","                // append text to #outputTextareaStdout1","                element.value += Array.from(arguments).map(function (arg) {","                    return typeof arg === 'string'","                        ? arg","                        : JSON.stringify(arg, null, 4);","                }).join(' ') + '\\n';","                // scroll textarea to bottom","                element.scrollTop = element.scrollHeight;","            };","        });","        // init event-handling","        ['change', 'click', 'keyup'].forEach(function (event) {","            Array.from(document.querySelectorAll('.on' + event)).forEach(function (element) {","                element.addEventListener(event, local.testRunBrowser);","            });","        });","        // run tests","        local.testRunBrowser();","        break;","","","","    // run node js-env code - post-init","    /* istanbul ignore next */","    case 'node':","        // export local","        module.exports = local;","        // require modules","        local.fs = require('fs');","        local.http = require('http');","        local.url = require('url');","        // init assets","        local.assetsDict = local.assetsDict || {};","        /* jslint-ignore-begin */","        local.assetsDict['/assets.index.template.html'] = '\\","<!doctype html>\\n\\","<html lang=\"en\">\\n\\","<head>\\n\\","<meta charset=\"UTF-8\">\\n\\","<meta name=\"viewport\" content=\"width=device-width, initial-scale=1\">\\n\\","<title>{{env.npm_package_name}} (v{{env.npm_package_version}})</title>\\n\\","<style>\\n\\","/*csslint\\n\\","    box-sizing: false,\\n\\","    universal-selector: false\\n\\","*/\\n\\","* {\\n\\","    box-sizing: border-box;\\n\\","}\\n\\","body {\\n\\","    background: #dde;\\n\\","    font-family: Arial, Helvetica, sans-serif;\\n\\","    margin: 2rem;\\n\\","}\\n\\","body > * {\\n\\","    margin-bottom: 1rem;\\n\\","}\\n\\",".utility2FooterDiv {\\n\\","    margin-top: 20px;\\n\\","    text-align: center;\\n\\","}\\n\\","</style>\\n\\","<style>\\n\\","/*csslint\\n\\","*/\\n\\","textarea {\\n\\","    font-family: monospace;\\n\\","    height: 10rem;\\n\\","    width: 100%;\\n\\","}\\n\\","textarea[readonly] {\\n\\","    background: #ddd;\\n\\","}\\n\\","</style>\\n\\","</head>\\n\\","<body>\\n\\","<!-- utility2-comment\\n\\","<div id=\"ajaxProgressDiv1\" style=\"background: #d00; height: 2px; left: 0; margin: 0; padding: 0; position: fixed; top: 0; transition: background 0.5s, width 1.5s; width: 25%;\"></div>\\n\\","utility2-comment -->\\n\\","<h1>\\n\\","<!-- utility2-comment\\n\\","    <a\\n\\","        {{#if env.npm_package_homepage}}\\n\\","        href=\"{{env.npm_package_homepage}}\"\\n\\","        {{/if env.npm_package_homepage}}\\n\\","        target=\"_blank\"\\n\\","    >\\n\\","utility2-comment -->\\n\\","        {{env.npm_package_name}} (v{{env.npm_package_version}})\\n\\","<!-- utility2-comment\\n\\","    </a>\\n\\","utility2-comment -->\\n\\","</h1>\\n\\","<h3>{{env.npm_package_description}}</h3>\\n\\","<!-- utility2-comment\\n\\","<h4><a download href=\"assets.app.js\">download standalone app</a></h4>\\n\\","<button class=\"onclick onreset\" id=\"testRunButton1\">run internal test</button><br>\\n\\","<div id=\"testReportDiv1\" style=\"display: none;\"></div>\\n\\","utility2-comment -->\\n\\","\\n\\","\\n\\","\\n\\","<label>stderr and stdout</label>\\n\\","<textarea class=\"resettable\" id=\"outputTextareaStdout1\" readonly></textarea>\\n\\","<!-- utility2-comment\\n\\","{{#if isRollup}}\\n\\","<script src=\"assets.app.js\"></script>\\n\\","{{#unless isRollup}}\\n\\","utility2-comment -->\\n\\","<script src=\"assets.utility2.rollup.js\"></script>\\n\\","<script src=\"jsonp.utility2._stateInit?callback=window.utility2._stateInit\"></script>\\n\\","<script src=\"assets.npmtest_offline_plugin.rollup.js\"></script>\\n\\","<script src=\"assets.example.js\"></script>\\n\\","<script src=\"assets.test.js\"></script>\\n\\","<!-- utility2-comment\\n\\","{{/if isRollup}}\\n\\","utility2-comment -->\\n\\","<div class=\"utility2FooterDiv\">\\n\\","    [ this app was created with\\n\\","    <a href=\"https://github.com/kaizhu256/node-utility2\" target=\"_blank\">utility2</a>\\n\\","    ]\\n\\","</div>\\n\\","</body>\\n\\","</html>\\n\\","';","        /* jslint-ignore-end */","        if (local.templateRender) {","            local.assetsDict['/'] = local.templateRender(","                local.assetsDict['/assets.index.template.html'],","                {","                    env: local.objectSetDefault(local.env, {","                        npm_package_description: 'the greatest app in the world!',","                        npm_package_name: 'my-app',","                        npm_package_nameAlias: 'my_app',","                        npm_package_version: '0.0.1'","                    })","                }","            );","        } else {","            local.assetsDict['/'] = local.assetsDict['/assets.index.template.html']","                .replace((/\\{\\{env\\.(\\w+?)\\}\\}/g), function (match0, match1) {","                    // jslint-hack","                    String(match0);","                    switch (match1) {","                    case 'npm_package_description':","                        return 'the greatest app in the world!';","                    case 'npm_package_name':","                        return 'my-app';","                    case 'npm_package_nameAlias':","                        return 'my_app';","                    case 'npm_package_version':","                        return '0.0.1';","                    }","                });","        }","        // run the cli","        if (local.global.utility2_rollup || module !== require.main) {","            break;","        }","        local.assetsDict['/assets.example.js'] =","            local.assetsDict['/assets.example.js'] ||","            local.fs.readFileSync(__filename, 'utf8');","        // bug-workaround - long $npm_package_buildCustomOrg","        /* jslint-ignore-begin */","        local.assetsDict['/assets.npmtest_offline_plugin.rollup.js'] =","            local.assetsDict['/assets.npmtest_offline_plugin.rollup.js'] ||","            local.fs.readFileSync(","                local.npmtest_offline_plugin.__dirname + '/lib.npmtest_offline_plugin.js',","                'utf8'","            ).replace((/^#!/), '//');","        /* jslint-ignore-end */","        local.assetsDict['/favicon.ico'] = local.assetsDict['/favicon.ico'] || '';","        // if $npm_config_timeout_exit exists,","        // then exit this process after $npm_config_timeout_exit ms","        if (Number(process.env.npm_config_timeout_exit)) {","            setTimeout(process.exit, Number(process.env.npm_config_timeout_exit));","        }","        // start server","        if (local.global.utility2_serverHttp1) {","            break;","        }","        process.env.PORT = process.env.PORT || '8081';","        console.error('server starting on port ' + process.env.PORT);","        local.http.createServer(function (request, response) {","            request.urlParsed = local.url.parse(request.url);","            if (local.assetsDict[request.urlParsed.pathname] !== undefined) {","                response.end(local.assetsDict[request.urlParsed.pathname]);","                return;","            }","            response.statusCode = 404;","            response.end();","        }).listen(process.env.PORT);","        break;","    }","}());",""],"l":{"26":2,"28":2,"33":2,"35":2,"37":2,"38":2,"39":2,"44":1,"51":2,"55":2,"59":2,"61":2,"69":1,"70":2,"76":2,"79":2,"82":2,"83":2,"85":1,"89":2,"92":1,"93":1,"94":1,"96":1,"97":1,"100":1,"101":1,"103":1,"106":1,"108":2,"114":1,"116":1,"118":1,"123":1,"124":2,"125":2,"126":3,"127":3,"128":3,"129":3,"130":1,"133":3,"134":3,"139":3,"143":1,"144":3,"145":1,"149":1,"150":1,"158":1,"160":1,"161":1,"162":1,"164":1,"166":1,"258":1,"259":1,"271":1,"274":6,"275":6,"277":1,"279":2,"281":1,"283":2,"288":1,"289":1,"291":1,"296":1,"303":1,"306":1,"307":1,"310":1,"311":1,"313":1,"314":1,"315":1,"316":1,"317":1,"318":1,"319":1,"321":1,"322":1,"324":1}},"/home/travis/build/npmtest/node-npmtest-offline-plugin/node_modules/offline-plugin/lib/index.js":{"path":"/home/travis/build/npmtest/node-npmtest-offline-plugin/node_modules/offline-plugin/lib/index.js","s":{"1":2,"2":2,"3":1,"4":0,"5":0,"6":0,"7":0,"8":0,"9":0,"10":0,"11":2,"12":0,"13":0,"14":0,"15":0,"16":0,"17":1,"18":2,"19":1,"20":0,"21":0,"22":2,"23":2,"24":2,"25":0,"26":0,"27":0,"28":0,"29":0,"30":0,"31":0,"32":0,"33":0,"34":0,"35":0,"36":0,"37":0,"38":0,"39":0,"40":0,"41":0,"42":0,"43":0,"44":0,"45":0,"46":0,"47":0,"48":0,"49":0,"50":1,"51":0,"52":0,"53":0,"54":0,"55":0,"56":0,"57":0,"58":0,"59":0,"60":0,"61":0,"62":0,"63":0,"64":0,"65":0,"66":0,"67":0,"68":0,"69":0,"70":0,"71":0,"72":0,"73":0,"74":0,"75":0,"76":0,"77":0,"78":0,"79":0,"80":0,"81":0,"82":0,"83":0,"84":0,"85":0,"86":0,"87":0,"88":0,"89":0,"90":0,"91":0,"92":0,"93":0,"94":0,"95":0,"96":0,"97":0,"98":0,"99":0,"100":0,"101":0,"102":0,"103":0,"104":0,"105":0,"106":0,"107":0,"108":0,"109":0,"110":0,"111":0,"112":0,"113":0,"114":0,"115":0,"116":0,"117":0,"118":0,"119":0,"120":0,"121":0,"122":0,"123":0,"124":0,"125":0,"126":0,"127":0,"128":0,"129":0,"130":0,"131":0,"132":0,"133":0,"134":0,"135":0,"136":0,"137":0,"138":0,"139":0,"140":0,"141":0,"142":0,"143":0,"144":0,"145":0,"146":0,"147":0,"148":0,"149":0,"150":0,"151":0,"152":0,"153":0,"154":0,"155":0,"156":0,"157":0,"158":0,"159":0,"160":0,"161":0,"162":0,"163":0,"164":0,"165":0,"166":0,"167":0,"168":0,"169":0,"170":0,"171":0,"172":0,"173":0,"174":0,"175":0,"176":0,"177":0,"178":0,"179":0,"180":0,"181":0,"182":0,"183":0,"184":0,"185":0,"186":0,"187":0,"188":0,"189":0,"190":0,"191":0,"192":0,"193":0,"194":0,"195":0,"196":0,"197":0,"198":0,"199":0,"200":0,"201":0,"202":0,"203":0,"204":0,"205":0,"206":0,"207":0,"208":0,"209":0,"210":0,"211":0,"212":0,"213":0,"214":0,"215":0,"216":0,"217":0,"218":0,"219":0,"220":0,"221":0,"222":0,"223":0,"224":0,"225":0,"226":0,"227":0,"228":0,"229":0,"230":0,"231":0,"232":0,"233":0,"234":0,"235":0,"236":0,"237":0,"238":0,"239":0,"240":0,"241":0,"242":0,"243":0,"244":0,"245":0,"246":0,"247":0,"248":0,"249":0,"250":0,"251":0,"252":0,"253":0,"254":0,"255":0,"256":0,"257":0,"258":0,"259":0,"260":0,"261":0,"262":0,"263":0,"264":0,"265":0,"266":0,"267":0,"268":0,"269":0,"270":0,"271":0,"272":0,"273":0,"274":0,"275":0,"276":0,"277":0,"278":0,"279":0,"280":0,"281":0,"282":0,"283":0,"284":0,"285":0,"286":0,"287":0,"288":0,"289":0,"290":0,"291":0,"292":0,"293":0,"294":0,"295":0,"296":0,"297":0,"298":0,"299":0,"300":0,"301":0,"302":0,"303":0,"304":0,"305":0,"306":0,"307":0,"308":0,"309":0,"310":0,"311":0,"312":0,"313":0,"314":0,"315":0,"316":0,"317":0,"318":0,"319":0,"320":0,"321":0,"322":0,"323":0,"324":0,"325":0,"326":0,"327":0,"328":0,"329":0,"330":0,"331":0,"332":0,"333":0,"334":0,"335":0,"336":0,"337":0,"338":0,"339":0,"340":0,"341":0,"342":0,"343":0,"344":0,"345":0,"346":0,"347":0,"348":0,"349":0,"350":0,"351":0,"352":0,"353":0,"354":0,"355":0,"356":0,"357":0,"358":0,"359":0,"360":0,"361":0,"362":0,"363":0,"364":0,"365":0,"366":0,"367":0,"368":0},"b":{"1":[0,0],"2":[0,0],"3":[0,0],"4":[0,0],"5":[0,2],"6":[2,2],"7":[0,0],"8":[0,0],"9":[0,0],"10":[0,0],"11":[0,0],"12":[0,0],"13":[0,0],"14":[0,0],"15":[0,0],"16":[0,0],"17":[0,0],"18":[0,0],"19":[0,0],"20":[0,0],"21":[0,0],"22":[0,0],"23":[0,0],"24":[0,0],"25":[0,0],"26":[0,0],"27":[0,0],"28":[0,0,0,0,0],"29":[0,0],"30":[0,0],"31":[0,0],"32":[0,0],"33":[0,0],"34":[0,0],"35":[0,0],"36":[0,0],"37":[0,0],"38":[0,0],"39":[0,0],"40":[0,0,0,0,0],"41":[0,0],"42":[0,0],"43":[0,0],"44":[0,0],"45":[0,0],"46":[0,0],"47":[0,0],"48":[0,0],"49":[0,0],"50":[0,0],"51":[0,0],"52":[0,0],"53":[0,0,0,0],"54":[0,0],"55":[0,0],"56":[0,0],"57":[0,0],"58":[0,0],"59":[0,0],"60":[0,0],"61":[0,0],"62":[0,0],"63":[0,0],"64":[0,0],"65":[0,0],"66":[0,0],"67":[0,0],"68":[0,0],"69":[0,0],"70":[0,0],"71":[0,0],"72":[0,0],"73":[0,0],"74":[0,0],"75":[0,0],"76":[0,0],"77":[0,0],"78":[0,0],"79":[0,0],"80":[0,0],"81":[0,0],"82":[0,0],"83":[0,0],"84":[0,0,0],"85":[0,0],"86":[0,0],"87":[0,0],"88":[0,0,0],"89":[0,0],"90":[0,0],"91":[0,0],"92":[0,0],"93":[0,0],"94":[0,0],"95":[0,0],"96":[0,0],"97":[0,0],"98":[0,0],"99":[0,0],"100":[0,0],"101":[0,0],"102":[0,0],"103":[0,0],"104":[0,0],"105":[0,0],"106":[0,0],"107":[0,0],"108":[0,0],"109":[0,0],"110":[0,0],"111":[0,0],"112":[0,0],"113":[0,0],"114":[0,0],"115":[0,0]},"f":{"1":2,"2":0,"3":0,"4":2,"5":0,"6":0,"7":0,"8":0,"9":0,"10":0,"11":0,"12":0,"13":0,"14":0,"15":0,"16":0,"17":0,"18":0,"19":0,"20":0,"21":0,"22":0,"23":0,"24":0,"25":0,"26":0,"27":0,"28":0,"29":0,"30":0,"31":0,"32":0,"33":0,"34":0,"35":0,"36":0,"37":0,"38":0,"39":0,"40":0,"41":0,"42":0,"43":0,"44":0,"45":0,"46":0,"47":0,"48":0,"49":0,"50":0,"51":0,"52":0,"53":0,"54":0,"55":0},"fnMap":{"1":{"name":"(anonymous_1)","line":7,"loc":{"start":{"line":7,"column":20},"end":{"line":7,"column":32}}},"2":{"name":"defineProperties","line":7,"loc":{"start":{"line":7,"column":34},"end":{"line":7,"column":75}}},"3":{"name":"(anonymous_3)","line":7,"loc":{"start":{"line":7,"column":358},"end":{"line":7,"column":406}}},"4":{"name":"_interopRequireDefault","line":9,"loc":{"start":{"line":9,"column":0},"end":{"line":9,"column":37}}},"5":{"name":"_classCallCheck","line":11,"loc":{"start":{"line":11,"column":0},"end":{"line":11,"column":48}}},"6":{"name":"rewrites","line":67,"loc":{"start":{"line":67,"column":12},"end":{"line":67,"column":37}}},"7":{"name":"(anonymous_7)","line":68,"loc":{"start":{"line":68,"column":54},"end":{"line":68,"column":76}}},"8":{"name":"(anonymous_8)","line":116,"loc":{"start":{"line":116,"column":21},"end":{"line":116,"column":33}}},"9":{"name":"OfflinePlugin","line":117,"loc":{"start":{"line":117,"column":2},"end":{"line":117,"column":34}}},"10":{"name":"(anonymous_10)","line":175,"loc":{"start":{"line":175,"column":21},"end":{"line":175,"column":38}}},"11":{"name":"(anonymous_11)","line":183,"loc":{"start":{"line":183,"column":21},"end":{"line":183,"column":38}}},"12":{"name":"apply","line":213,"loc":{"start":{"line":213,"column":11},"end":{"line":213,"column":36}}},"13":{"name":"(anonymous_13)","line":244,"loc":{"start":{"line":244,"column":20},"end":{"line":244,"column":41}}},"14":{"name":"(anonymous_14)","line":248,"loc":{"start":{"line":248,"column":47},"end":{"line":248,"column":62}}},"15":{"name":"(anonymous_15)","line":249,"loc":{"start":{"line":249,"column":36},"end":{"line":249,"column":64}}},"16":{"name":"(anonymous_16)","line":260,"loc":{"start":{"line":260,"column":26},"end":{"line":260,"column":47}}},"17":{"name":"(anonymous_17)","line":270,"loc":{"start":{"line":270,"column":30},"end":{"line":270,"column":63}}},"18":{"name":"(anonymous_18)","line":279,"loc":{"start":{"line":279,"column":24},"end":{"line":279,"column":40}}},"19":{"name":"(anonymous_19)","line":281,"loc":{"start":{"line":281,"column":16},"end":{"line":281,"column":28}}},"20":{"name":"(anonymous_20)","line":283,"loc":{"start":{"line":283,"column":11},"end":{"line":283,"column":23}}},"21":{"name":"(anonymous_21)","line":288,"loc":{"start":{"line":288,"column":30},"end":{"line":288,"column":63}}},"22":{"name":"(anonymous_22)","line":315,"loc":{"start":{"line":315,"column":24},"end":{"line":315,"column":40}}},"23":{"name":"(anonymous_23)","line":317,"loc":{"start":{"line":317,"column":16},"end":{"line":317,"column":28}}},"24":{"name":"(anonymous_24)","line":319,"loc":{"start":{"line":319,"column":11},"end":{"line":319,"column":23}}},"25":{"name":"setAssets","line":326,"loc":{"start":{"line":326,"column":11},"end":{"line":326,"column":43}}},"26":{"name":"(anonymous_26)","line":340,"loc":{"start":{"line":340,"column":31},"end":{"line":340,"column":48}}},"27":{"name":"(anonymous_27)","line":341,"loc":{"start":{"line":341,"column":28},"end":{"line":341,"column":44}}},"28":{"name":"(anonymous_28)","line":361,"loc":{"start":{"line":361,"column":9},"end":{"line":361,"column":21}}},"29":{"name":"(anonymous_29)","line":365,"loc":{"start":{"line":365,"column":72},"end":{"line":365,"column":95}}},"30":{"name":"(anonymous_30)","line":375,"loc":{"start":{"line":375,"column":23},"end":{"line":375,"column":43}}},"31":{"name":"(anonymous_31)","line":451,"loc":{"start":{"line":451,"column":40},"end":{"line":451,"column":58}}},"32":{"name":"setHashesMap","line":457,"loc":{"start":{"line":457,"column":11},"end":{"line":457,"column":46}}},"33":{"name":"(anonymous_33)","line":462,"loc":{"start":{"line":462,"column":46},"end":{"line":462,"column":61}}},"34":{"name":"setNetworkOptions","line":474,"loc":{"start":{"line":474,"column":11},"end":{"line":474,"column":40}}},"35":{"name":"(anonymous_35)","line":483,"loc":{"start":{"line":483,"column":41},"end":{"line":483,"column":58}}},"36":{"name":"(anonymous_36)","line":484,"loc":{"start":{"line":484,"column":36},"end":{"line":484,"column":52}}},"37":{"name":"(anonymous_37)","line":501,"loc":{"start":{"line":501,"column":37},"end":{"line":501,"column":54}}},"38":{"name":"(anonymous_38)","line":502,"loc":{"start":{"line":502,"column":32},"end":{"line":502,"column":48}}},"39":{"name":"(anonymous_39)","line":519,"loc":{"start":{"line":519,"column":37},"end":{"line":519,"column":54}}},"40":{"name":"(anonymous_40)","line":520,"loc":{"start":{"line":520,"column":32},"end":{"line":520,"column":48}}},"41":{"name":"extractLoaders","line":538,"loc":{"start":{"line":538,"column":11},"end":{"line":538,"column":43}}},"42":{"name":"(anonymous_42)","line":543,"loc":{"start":{"line":543,"column":24},"end":{"line":543,"column":41}}},"43":{"name":"stringifyCacheMaps","line":564,"loc":{"start":{"line":564,"column":11},"end":{"line":564,"column":50}}},"44":{"name":"(anonymous_44)","line":569,"loc":{"start":{"line":569,"column":27},"end":{"line":569,"column":42}}},"45":{"name":"(anonymous_45)","line":576,"loc":{"start":{"line":576,"column":48},"end":{"line":576,"column":64}}},"46":{"name":"resolveToolPaths","line":609,"loc":{"start":{"line":609,"column":11},"end":{"line":609,"column":58}}},"47":{"name":"(anonymous_47)","line":667,"loc":{"start":{"line":667,"column":27},"end":{"line":667,"column":44}}},"48":{"name":"(anonymous_48)","line":675,"loc":{"start":{"line":675,"column":27},"end":{"line":675,"column":43}}},"49":{"name":"validatePaths","line":682,"loc":{"start":{"line":682,"column":11},"end":{"line":682,"column":42}}},"50":{"name":"(anonymous_50)","line":685,"loc":{"start":{"line":685,"column":45},"end":{"line":685,"column":62}}},"51":{"name":"(anonymous_51)","line":687,"loc":{"start":{"line":687,"column":13},"end":{"line":687,"column":28}}},"52":{"name":"useTools","line":707,"loc":{"start":{"line":707,"column":11},"end":{"line":707,"column":33}}},"53":{"name":"(anonymous_53)","line":710,"loc":{"start":{"line":710,"column":46},"end":{"line":710,"column":62}}},"54":{"name":"addTool","line":718,"loc":{"start":{"line":718,"column":11},"end":{"line":718,"column":40}}},"55":{"name":"get","line":730,"loc":{"start":{"line":730,"column":9},"end":{"line":730,"column":24}}}},"statementMap":{"1":{"start":{"line":3,"column":0},"end":{"line":5,"column":3}},"2":{"start":{"line":7,"column":0},"end":{"line":7,"column":566}},"3":{"start":{"line":7,"column":34},"end":{"line":7,"column":350}},"4":{"start":{"line":7,"column":77},"end":{"line":7,"column":348}},"5":{"start":{"line":7,"column":118},"end":{"line":7,"column":144}},"6":{"start":{"line":7,"column":145},"end":{"line":7,"column":200}},"7":{"start":{"line":7,"column":201},"end":{"line":7,"column":232}},"8":{"start":{"line":7,"column":233},"end":{"line":7,"column":287}},"9":{"start":{"line":7,"column":260},"end":{"line":7,"column":287}},"10":{"start":{"line":7,"column":288},"end":{"line":7,"column":346}},"11":{"start":{"line":7,"column":351},"end":{"line":7,"column":560}},"12":{"start":{"line":7,"column":408},"end":{"line":7,"column":476}},"13":{"start":{"line":7,"column":424},"end":{"line":7,"column":476}},"14":{"start":{"line":7,"column":477},"end":{"line":7,"column":537}},"15":{"start":{"line":7,"column":494},"end":{"line":7,"column":537}},"16":{"start":{"line":7,"column":538},"end":{"line":7,"column":557}},"17":{"start":{"line":9,"column":0},"end":{"line":9,"column":97}},"18":{"start":{"line":9,"column":39},"end":{"line":9,"column":95}},"19":{"start":{"line":11,"column":0},"end":{"line":11,"column":153}},"20":{"start":{"line":11,"column":50},"end":{"line":11,"column":151}},"21":{"start":{"line":11,"column":92},"end":{"line":11,"column":149}},"22":{"start":{"line":13,"column":0},"end":{"line":13,"column":39}},"23":{"start":{"line":15,"column":0},"end":{"line":15,"column":51}},"24":{"start":{"line":17,"column":0},"end":{"line":17,"column":49}},"25":{"start":{"line":19,"column":0},"end":{"line":19,"column":61}},"26":{"start":{"line":21,"column":0},"end":{"line":21,"column":29}},"27":{"start":{"line":23,"column":0},"end":{"line":23,"column":44}},"28":{"start":{"line":25,"column":0},"end":{"line":25,"column":26}},"29":{"start":{"line":27,"column":0},"end":{"line":27,"column":41}},"30":{"start":{"line":29,"column":0},"end":{"line":29,"column":41}},"31":{"start":{"line":31,"column":0},"end":{"line":31,"column":55}},"32":{"start":{"line":33,"column":0},"end":{"line":33,"column":38}},"33":{"start":{"line":35,"column":0},"end":{"line":35,"column":53}},"34":{"start":{"line":37,"column":0},"end":{"line":37,"column":41}},"35":{"start":{"line":39,"column":0},"end":{"line":39,"column":43}},"36":{"start":{"line":41,"column":0},"end":{"line":41,"column":57}},"37":{"start":{"line":43,"column":0},"end":{"line":43,"column":30}},"38":{"start":{"line":45,"column":0},"end":{"line":45,"column":45}},"39":{"start":{"line":47,"column":0},"end":{"line":47,"column":42}},"40":{"start":{"line":49,"column":0},"end":{"line":49,"column":37}},"41":{"start":{"line":51,"column":0},"end":{"line":51,"column":35}},"42":{"start":{"line":53,"column":0},"end":{"line":53,"column":33}},"43":{"start":{"line":54,"column":0},"end":{"line":54,"column":50}},"44":{"start":{"line":55,"column":0},"end":{"line":114,"column":2}},"45":{"start":{"line":68,"column":4},"end":{"line":74,"column":7}},"46":{"start":{"line":69,"column":6},"end":{"line":71,"column":7}},"47":{"start":{"line":70,"column":8},"end":{"line":70,"column":21}},"48":{"start":{"line":73,"column":6},"end":{"line":73,"column":25}},"49":{"start":{"line":116,"column":0},"end":{"line":747,"column":5}},"50":{"start":{"line":117,"column":2},"end":{"line":209,"column":3}},"51":{"start":{"line":118,"column":4},"end":{"line":118,"column":21}},"52":{"start":{"line":120,"column":4},"end":{"line":120,"column":41}},"53":{"start":{"line":122,"column":4},"end":{"line":122,"column":77}},"54":{"start":{"line":123,"column":4},"end":{"line":123,"column":21}},"55":{"start":{"line":124,"column":4},"end":{"line":124,"column":23}},"56":{"start":{"line":125,"column":4},"end":{"line":125,"column":26}},"57":{"start":{"line":126,"column":4},"end":{"line":126,"column":26}},"58":{"start":{"line":127,"column":4},"end":{"line":127,"column":46}},"59":{"start":{"line":128,"column":4},"end":{"line":128,"column":48}},"60":{"start":{"line":129,"column":4},"end":{"line":129,"column":58}},"61":{"start":{"line":130,"column":4},"end":{"line":130,"column":52}},"62":{"start":{"line":131,"column":4},"end":{"line":131,"column":39}},"63":{"start":{"line":132,"column":4},"end":{"line":132,"column":22}},"64":{"start":{"line":133,"column":4},"end":{"line":133,"column":23}},"65":{"start":{"line":134,"column":4},"end":{"line":134,"column":21}},"66":{"start":{"line":136,"column":4},"end":{"line":136,"column":40}},"67":{"start":{"line":137,"column":4},"end":{"line":137,"column":20}},"68":{"start":{"line":139,"column":4},"end":{"line":141,"column":5}},"69":{"start":{"line":140,"column":6},"end":{"line":140,"column":54}},"70":{"start":{"line":143,"column":4},"end":{"line":143,"column":45}},"71":{"start":{"line":145,"column":4},"end":{"line":149,"column":5}},"72":{"start":{"line":146,"column":6},"end":{"line":146,"column":45}},"73":{"start":{"line":147,"column":11},"end":{"line":149,"column":5}},"74":{"start":{"line":148,"column":6},"end":{"line":148,"column":35}},"75":{"start":{"line":151,"column":4},"end":{"line":153,"column":5}},"76":{"start":{"line":152,"column":6},"end":{"line":152,"column":132}},"77":{"start":{"line":155,"column":4},"end":{"line":157,"column":5}},"78":{"start":{"line":156,"column":6},"end":{"line":156,"column":29}},"79":{"start":{"line":159,"column":4},"end":{"line":166,"column":5}},"80":{"start":{"line":160,"column":6},"end":{"line":160,"column":83}},"81":{"start":{"line":161,"column":11},"end":{"line":166,"column":5}},"82":{"start":{"line":162,"column":6},"end":{"line":162,"column":145}},"83":{"start":{"line":164,"column":6},"end":{"line":164,"column":28}},"84":{"start":{"line":165,"column":6},"end":{"line":165,"column":38}},"85":{"start":{"line":168,"column":4},"end":{"line":170,"column":5}},"86":{"start":{"line":169,"column":6},"end":{"line":169,"column":34}},"87":{"start":{"line":172,"column":4},"end":{"line":172,"column":68}},"88":{"start":{"line":174,"column":4},"end":{"line":194,"column":5}},"89":{"start":{"line":175,"column":6},"end":{"line":181,"column":8}},"90":{"start":{"line":176,"column":8},"end":{"line":178,"column":9}},"91":{"start":{"line":177,"column":10},"end":{"line":177,"column":20}},"92":{"start":{"line":180,"column":8},"end":{"line":180,"column":31}},"93":{"start":{"line":183,"column":6},"end":{"line":193,"column":8}},"94":{"start":{"line":184,"column":8},"end":{"line":186,"column":9}},"95":{"start":{"line":185,"column":10},"end":{"line":185,"column":20}},"96":{"start":{"line":188,"column":8},"end":{"line":190,"column":9}},"97":{"start":{"line":189,"column":10},"end":{"line":189,"column":23}},"98":{"start":{"line":192,"column":8},"end":{"line":192,"column":31}},"99":{"start":{"line":196,"column":4},"end":{"line":196,"column":69}},"100":{"start":{"line":198,"column":4},"end":{"line":198,"column":29}},"101":{"start":{"line":199,"column":4},"end":{"line":199,"column":39}},"102":{"start":{"line":200,"column":4},"end":{"line":200,"column":36}},"103":{"start":{"line":201,"column":4},"end":{"line":201,"column":20}},"104":{"start":{"line":203,"column":4},"end":{"line":203,"column":62}},"105":{"start":{"line":204,"column":4},"end":{"line":204,"column":52}},"106":{"start":{"line":206,"column":4},"end":{"line":208,"column":5}},"107":{"start":{"line":207,"column":6},"end":{"line":207,"column":84}},"108":{"start":{"line":211,"column":2},"end":{"line":744,"column":6}},"109":{"start":{"line":214,"column":6},"end":{"line":214,"column":24}},"110":{"start":{"line":216,"column":6},"end":{"line":216,"column":78}},"111":{"start":{"line":217,"column":6},"end":{"line":217,"column":45}},"112":{"start":{"line":219,"column":6},"end":{"line":219,"column":75}},"113":{"start":{"line":221,"column":6},"end":{"line":223,"column":7}},"114":{"start":{"line":222,"column":8},"end":{"line":222,"column":31}},"115":{"start":{"line":225,"column":6},"end":{"line":228,"column":7}},"116":{"start":{"line":226,"column":8},"end":{"line":226,"column":60}},"117":{"start":{"line":227,"column":8},"end":{"line":227,"column":35}},"118":{"start":{"line":230,"column":6},"end":{"line":232,"column":7}},"119":{"start":{"line":231,"column":8},"end":{"line":231,"column":67}},"120":{"start":{"line":234,"column":6},"end":{"line":238,"column":7}},"121":{"start":{"line":235,"column":8},"end":{"line":235,"column":135}},"122":{"start":{"line":237,"column":8},"end":{"line":237,"column":35}},"123":{"start":{"line":240,"column":6},"end":{"line":242,"column":7}},"124":{"start":{"line":241,"column":8},"end":{"line":241,"column":46}},"125":{"start":{"line":244,"column":6},"end":{"line":246,"column":9}},"126":{"start":{"line":245,"column":8},"end":{"line":245,"column":53}},"127":{"start":{"line":248,"column":6},"end":{"line":268,"column":9}},"128":{"start":{"line":249,"column":8},"end":{"line":267,"column":11}},"129":{"start":{"line":250,"column":10},"end":{"line":250,"column":86}},"130":{"start":{"line":252,"column":10},"end":{"line":254,"column":11}},"131":{"start":{"line":253,"column":12},"end":{"line":253,"column":42}},"132":{"start":{"line":256,"column":10},"end":{"line":258,"column":12}},"133":{"start":{"line":260,"column":10},"end":{"line":262,"column":13}},"134":{"start":{"line":261,"column":12},"end":{"line":261,"column":47}},"135":{"start":{"line":264,"column":10},"end":{"line":264,"column":120}},"136":{"start":{"line":266,"column":10},"end":{"line":266,"column":33}},"137":{"start":{"line":270,"column":6},"end":{"line":286,"column":9}},"138":{"start":{"line":271,"column":8},"end":{"line":273,"column":9}},"139":{"start":{"line":272,"column":10},"end":{"line":272,"column":63}},"140":{"start":{"line":275,"column":8},"end":{"line":277,"column":9}},"141":{"start":{"line":276,"column":10},"end":{"line":276,"column":59}},"142":{"start":{"line":279,"column":8},"end":{"line":285,"column":11}},"143":{"start":{"line":280,"column":10},"end":{"line":280,"column":62}},"144":{"start":{"line":282,"column":10},"end":{"line":282,"column":21}},"145":{"start":{"line":284,"column":10},"end":{"line":284,"column":50}},"146":{"start":{"line":288,"column":6},"end":{"line":322,"column":9}},"147":{"start":{"line":289,"column":8},"end":{"line":289,"column":102}},"148":{"start":{"line":291,"column":8},"end":{"line":295,"column":9}},"149":{"start":{"line":292,"column":10},"end":{"line":292,"column":170}},"150":{"start":{"line":293,"column":10},"end":{"line":293,"column":21}},"151":{"start":{"line":294,"column":10},"end":{"line":294,"column":17}},"152":{"start":{"line":297,"column":8},"end":{"line":297,"column":52}},"153":{"start":{"line":301,"column":8},"end":{"line":313,"column":9}},"154":{"start":{"line":302,"column":10},"end":{"line":302,"column":40}},"155":{"start":{"line":303,"column":10},"end":{"line":303,"column":43}},"156":{"start":{"line":306,"column":10},"end":{"line":306,"column":111}},"157":{"start":{"line":311,"column":10},"end":{"line":311,"column":22}},"158":{"start":{"line":312,"column":10},"end":{"line":312,"column":17}},"159":{"start":{"line":315,"column":8},"end":{"line":321,"column":11}},"160":{"start":{"line":316,"column":10},"end":{"line":316,"column":59}},"161":{"start":{"line":318,"column":10},"end":{"line":318,"column":21}},"162":{"start":{"line":320,"column":10},"end":{"line":320,"column":54}},"163":{"start":{"line":327,"column":6},"end":{"line":327,"column":24}},"164":{"start":{"line":329,"column":6},"end":{"line":329,"column":64}},"165":{"start":{"line":331,"column":6},"end":{"line":333,"column":7}},"166":{"start":{"line":332,"column":8},"end":{"line":332,"column":364}},"167":{"start":{"line":335,"column":6},"end":{"line":335,"column":43}},"168":{"start":{"line":336,"column":6},"end":{"line":336,"column":51}},"169":{"start":{"line":337,"column":6},"end":{"line":337,"column":45}},"170":{"start":{"line":339,"column":6},"end":{"line":351,"column":7}},"171":{"start":{"line":340,"column":8},"end":{"line":350,"column":11}},"172":{"start":{"line":341,"column":10},"end":{"line":347,"column":11}},"173":{"start":{"line":342,"column":12},"end":{"line":344,"column":13}},"174":{"start":{"line":343,"column":14},"end":{"line":343,"column":26}},"175":{"start":{"line":346,"column":12},"end":{"line":346,"column":25}},"176":{"start":{"line":349,"column":10},"end":{"line":349,"column":22}},"177":{"start":{"line":353,"column":6},"end":{"line":353,"column":53}},"178":{"start":{"line":355,"column":6},"end":{"line":449,"column":7}},"179":{"start":{"line":356,"column":8},"end":{"line":356,"column":72}},"180":{"start":{"line":357,"column":8},"end":{"line":359,"column":10}},"181":{"start":{"line":361,"column":8},"end":{"line":448,"column":13}},"182":{"start":{"line":362,"column":10},"end":{"line":362,"column":38}},"183":{"start":{"line":363,"column":10},"end":{"line":363,"column":43}},"184":{"start":{"line":365,"column":10},"end":{"line":436,"column":17}},"185":{"start":{"line":366,"column":12},"end":{"line":366,"column":70}},"186":{"start":{"line":368,"column":12},"end":{"line":371,"column":13}},"187":{"start":{"line":369,"column":14},"end":{"line":369,"column":34}},"188":{"start":{"line":370,"column":14},"end":{"line":370,"column":28}},"189":{"start":{"line":373,"column":12},"end":{"line":373,"column":33}},"190":{"start":{"line":375,"column":12},"end":{"line":431,"column":15}},"191":{"start":{"line":376,"column":14},"end":{"line":383,"column":15}},"192":{"start":{"line":377,"column":16},"end":{"line":379,"column":17}},"193":{"start":{"line":378,"column":18},"end":{"line":378,"column":95}},"194":{"start":{"line":381,"column":16},"end":{"line":381,"column":34}},"195":{"start":{"line":382,"column":16},"end":{"line":382,"column":23}},"196":{"start":{"line":385,"column":14},"end":{"line":392,"column":15}},"197":{"start":{"line":386,"column":16},"end":{"line":388,"column":17}},"198":{"start":{"line":387,"column":18},"end":{"line":387,"column":100}},"199":{"start":{"line":390,"column":16},"end":{"line":390,"column":39}},"200":{"start":{"line":391,"column":16},"end":{"line":391,"column":23}},"201":{"start":{"line":394,"column":14},"end":{"line":394,"column":36}},"202":{"start":{"line":396,"column":14},"end":{"line":413,"column":15}},"203":{"start":{"line":397,"column":16},"end":{"line":397,"column":40}},"204":{"start":{"line":399,"column":16},"end":{"line":406,"column":17}},"205":{"start":{"line":400,"column":18},"end":{"line":400,"column":56}},"206":{"start":{"line":400,"column":47},"end":{"line":400,"column":56}},"207":{"start":{"line":402,"column":18},"end":{"line":402,"column":33}},"208":{"start":{"line":403,"column":18},"end":{"line":403,"column":46}},"209":{"start":{"line":404,"column":18},"end":{"line":404,"column":38}},"210":{"start":{"line":405,"column":18},"end":{"line":405,"column":29}},"211":{"start":{"line":408,"column":16},"end":{"line":410,"column":17}},"212":{"start":{"line":409,"column":18},"end":{"line":409,"column":131}},"213":{"start":{"line":412,"column":16},"end":{"line":412,"column":23}},"214":{"start":{"line":415,"column":14},"end":{"line":415,"column":51}},"215":{"start":{"line":417,"column":14},"end":{"line":428,"column":15}},"216":{"start":{"line":417,"column":33},"end":{"line":428,"column":15}},"217":{"start":{"line":418,"column":16},"end":{"line":418,"column":65}},"218":{"start":{"line":420,"column":16},"end":{"line":423,"column":17}},"219":{"start":{"line":421,"column":18},"end":{"line":421,"column":54}},"220":{"start":{"line":422,"column":18},"end":{"line":422,"column":42}},"221":{"start":{"line":425,"column":16},"end":{"line":425,"column":225}},"222":{"start":{"line":427,"column":16},"end":{"line":427,"column":40}},"223":{"start":{"line":430,"column":14},"end":{"line":430,"column":41}},"224":{"start":{"line":433,"column":12},"end":{"line":433,"column":60}},"225":{"start":{"line":435,"column":12},"end":{"line":435,"column":26}},"226":{"start":{"line":438,"column":10},"end":{"line":440,"column":11}},"227":{"start":{"line":439,"column":12},"end":{"line":439,"column":105}},"228":{"start":{"line":442,"column":10},"end":{"line":444,"column":11}},"229":{"start":{"line":443,"column":12},"end":{"line":443,"column":118}},"230":{"start":{"line":446,"column":10},"end":{"line":446,"column":40}},"231":{"start":{"line":447,"column":10},"end":{"line":447,"column":106}},"232":{"start":{"line":451,"column":6},"end":{"line":453,"column":9}},"233":{"start":{"line":452,"column":8},"end":{"line":452,"column":78}},"234":{"start":{"line":458,"column":6},"end":{"line":458,"column":24}},"235":{"start":{"line":460,"column":6},"end":{"line":460,"column":26}},"236":{"start":{"line":462,"column":6},"end":{"line":470,"column":9}},"237":{"start":{"line":463,"column":8},"end":{"line":463,"column":59}},"238":{"start":{"line":465,"column":8},"end":{"line":465,"column":101}},"239":{"start":{"line":465,"column":94},"end":{"line":465,"column":101}},"240":{"start":{"line":467,"column":8},"end":{"line":467,"column":100}},"241":{"start":{"line":469,"column":8},"end":{"line":469,"column":47}},"242":{"start":{"line":475,"column":6},"end":{"line":475,"column":59}},"243":{"start":{"line":476,"column":6},"end":{"line":476,"column":51}},"244":{"start":{"line":477,"column":6},"end":{"line":477,"column":51}},"245":{"start":{"line":479,"column":6},"end":{"line":479,"column":31}},"246":{"start":{"line":482,"column":6},"end":{"line":498,"column":7}},"247":{"start":{"line":483,"column":8},"end":{"line":493,"column":11}},"248":{"start":{"line":484,"column":10},"end":{"line":490,"column":11}},"249":{"start":{"line":485,"column":12},"end":{"line":487,"column":13}},"250":{"start":{"line":486,"column":14},"end":{"line":486,"column":26}},"251":{"start":{"line":489,"column":12},"end":{"line":489,"column":24}},"252":{"start":{"line":492,"column":10},"end":{"line":492,"column":23}},"253":{"start":{"line":495,"column":8},"end":{"line":497,"column":9}},"254":{"start":{"line":496,"column":10},"end":{"line":496,"column":51}},"255":{"start":{"line":500,"column":6},"end":{"line":516,"column":7}},"256":{"start":{"line":501,"column":8},"end":{"line":511,"column":11}},"257":{"start":{"line":502,"column":10},"end":{"line":508,"column":11}},"258":{"start":{"line":503,"column":12},"end":{"line":505,"column":13}},"259":{"start":{"line":504,"column":14},"end":{"line":504,"column":26}},"260":{"start":{"line":507,"column":12},"end":{"line":507,"column":24}},"261":{"start":{"line":510,"column":10},"end":{"line":510,"column":23}},"262":{"start":{"line":513,"column":8},"end":{"line":515,"column":9}},"263":{"start":{"line":514,"column":10},"end":{"line":514,"column":43}},"264":{"start":{"line":518,"column":6},"end":{"line":534,"column":7}},"265":{"start":{"line":519,"column":8},"end":{"line":529,"column":11}},"266":{"start":{"line":520,"column":10},"end":{"line":526,"column":11}},"267":{"start":{"line":521,"column":12},"end":{"line":523,"column":13}},"268":{"start":{"line":522,"column":14},"end":{"line":522,"column":26}},
[...]
":{"start":{"line":95,"column":10},"end":{"line":95,"column":22}},"69":{"start":{"line":101,"column":6},"end":{"line":109,"column":9}},"70":{"start":{"line":102,"column":8},"end":{"line":108,"column":9}},"71":{"start":{"line":103,"column":10},"end":{"line":105,"column":11}},"72":{"start":{"line":104,"column":12},"end":{"line":104,"column":41}},"73":{"start":{"line":107,"column":10},"end":{"line":107,"column":54}},"74":{"start":{"line":111,"column":6},"end":{"line":120,"column":9}},"75":{"start":{"line":112,"column":8},"end":{"line":119,"column":11}},"76":{"start":{"line":113,"column":10},"end":{"line":116,"column":11}},"77":{"start":{"line":114,"column":12},"end":{"line":114,"column":24}},"78":{"start":{"line":115,"column":12},"end":{"line":115,"column":19}},"79":{"start":{"line":118,"column":10},"end":{"line":118,"column":20}},"80":{"start":{"line":125,"column":6},"end":{"line":127,"column":9}},"81":{"start":{"line":126,"column":8},"end":{"line":126,"column":78}},"82":{"start":{"line":129,"column":6},"end":{"line":129,"column":71}},"83":{"start":{"line":131,"column":6},"end":{"line":146,"column":7}},"84":{"start":{"line":132,"column":8},"end":{"line":132,"column":57}},"85":{"start":{"line":133,"column":8},"end":{"line":133,"column":46}},"86":{"start":{"line":135,"column":8},"end":{"line":139,"column":9}},"87":{"start":{"line":136,"column":10},"end":{"line":136,"column":113}},"88":{"start":{"line":138,"column":10},"end":{"line":138,"column":17}},"89":{"start":{"line":141,"column":8},"end":{"line":141,"column":41}},"90":{"start":{"line":143,"column":8},"end":{"line":145,"column":9}},"91":{"start":{"line":144,"column":10},"end":{"line":144,"column":44}},"92":{"start":{"line":148,"column":6},"end":{"line":148,"column":74}},"93":{"start":{"line":153,"column":6},"end":{"line":153,"column":45}},"94":{"start":{"line":155,"column":6},"end":{"line":157,"column":8}},"95":{"start":{"line":156,"column":8},"end":{"line":156,"column":54}},"96":{"start":{"line":159,"column":6},"end":{"line":164,"column":13}},"97":{"start":{"line":160,"column":8},"end":{"line":160,"column":43}},"98":{"start":{"line":162,"column":8},"end":{"line":162,"column":46}},"99":{"start":{"line":163,"column":8},"end":{"line":163,"column":22}},"100":{"start":{"line":166,"column":6},"end":{"line":166,"column":60}},"101":{"start":{"line":168,"column":6},"end":{"line":168,"column":36}},"102":{"start":{"line":170,"column":6},"end":{"line":172,"column":7}},"103":{"start":{"line":171,"column":8},"end":{"line":171,"column":45}},"104":{"start":{"line":174,"column":6},"end":{"line":174,"column":81}},"105":{"start":{"line":176,"column":6},"end":{"line":203,"column":59}},"106":{"start":{"line":208,"column":6},"end":{"line":212,"column":8}},"107":{"start":{"line":217,"column":6},"end":{"line":219,"column":7}},"108":{"start":{"line":218,"column":8},"end":{"line":218,"column":22}},"109":{"start":{"line":221,"column":6},"end":{"line":223,"column":7}},"110":{"start":{"line":222,"column":8},"end":{"line":222,"column":22}},"111":{"start":{"line":225,"column":6},"end":{"line":230,"column":8}},"112":{"start":{"line":234,"column":2},"end":{"line":234,"column":23}},"113":{"start":{"line":237,"column":0},"end":{"line":237,"column":35}},"114":{"start":{"line":238,"column":0},"end":{"line":238,"column":36}}},"branchMap":{"1":{"line":7,"type":"binary-expr","locations":[{"start":{"line":7,"column":169},"end":{"line":7,"column":190}},{"start":{"line":7,"column":194},"end":{"line":7,"column":199}}]},"2":{"line":7,"type":"if","locations":[{"start":{"line":7,"column":233},"end":{"line":7,"column":233}},{"start":{"line":7,"column":233},"end":{"line":7,"column":233}}]},"3":{"line":7,"type":"if","locations":[{"start":{"line":7,"column":408},"end":{"line":7,"column":408}},{"start":{"line":7,"column":408},"end":{"line":7,"column":408}}]},"4":{"line":7,"type":"if","locations":[{"start":{"line":7,"column":477},"end":{"line":7,"column":477}},{"start":{"line":7,"column":477},"end":{"line":7,"column":477}}]},"5":{"line":9,"type":"cond-expr","locations":[{"start":{"line":9,"column":70},"end":{"line":9,"column":73}},{"start":{"line":9,"column":76},"end":{"line":9,"column":94}}]},"6":{"line":9,"type":"binary-expr","locations":[{"start":{"line":9,"column":46},"end":{"line":9,"column":49}},{"start":{"line":9,"column":53},"end":{"line":9,"column":67}}]},"7":{"line":11,"type":"if","locations":[{"start":{"line":11,"column":50},"end":{"line":11,"column":50}},{"start":{"line":11,"column":50},"end":{"line":11,"column":50}}]},"8":{"line":35,"type":"if","locations":[{"start":{"line":35,"column":4},"end":{"line":35,"column":4}},{"start":{"line":35,"column":4},"end":{"line":35,"column":4}}]},"9":{"line":48,"type":"cond-expr","locations":[{"start":{"line":48,"column":33},"end":{"line":48,"column":51}},{"start":{"line":48,"column":54},"end":{"line":48,"column":60}}]},"10":{"line":56,"type":"if","locations":[{"start":{"line":56,"column":4},"end":{"line":56,"column":4}},{"start":{"line":56,"column":4},"end":{"line":56,"column":4}}]},"11":{"line":68,"type":"if","locations":[{"start":{"line":68,"column":6},"end":{"line":68,"column":6}},{"start":{"line":68,"column":6},"end":{"line":68,"column":6}}]},"12":{"line":88,"type":"binary-expr","locations":[{"start":{"line":88,"column":7},"end":{"line":88,"column":31}},{"start":{"line":88,"column":35},"end":{"line":88,"column":37}}]},"13":{"line":89,"type":"if","locations":[{"start":{"line":89,"column":8},"end":{"line":89,"column":8}},{"start":{"line":89,"column":8},"end":{"line":89,"column":8}}]},"14":{"line":102,"type":"if","locations":[{"start":{"line":102,"column":8},"end":{"line":102,"column":8}},{"start":{"line":102,"column":8},"end":{"line":102,"column":8}}]},"15":{"line":103,"type":"if","locations":[{"start":{"line":103,"column":10},"end":{"line":103,"column":10}},{"start":{"line":103,"column":10},"end":{"line":103,"column":10}}]},"16":{"line":113,"type":"if","locations":[{"start":{"line":113,"column":10},"end":{"line":113,"column":10}},{"start":{"line":113,"column":10},"end":{"line":113,"column":10}}]},"17":{"line":125,"type":"binary-expr","locations":[{"start":{"line":125,"column":20},"end":{"line":125,"column":44}},{"start":{"line":125,"column":48},"end":{"line":125,"column":50}}]},"18":{"line":131,"type":"if","locations":[{"start":{"line":131,"column":6},"end":{"line":131,"column":6}},{"start":{"line":131,"column":6},"end":{"line":131,"column":6}}]},"19":{"line":135,"type":"if","locations":[{"start":{"line":135,"column":8},"end":{"line":135,"column":8}},{"start":{"line":135,"column":8},"end":{"line":135,"column":8}}]},"20":{"line":143,"type":"if","locations":[{"start":{"line":143,"column":8},"end":{"line":143,"column":8}},{"start":{"line":143,"column":8},"end":{"line":143,"column":8}}]},"21":{"line":156,"type":"binary-expr","locations":[{"start":{"line":156,"column":16},"end":{"line":156,"column":25}},{"start":{"line":156,"column":29},"end":{"line":156,"column":31}}]},"22":{"line":170,"type":"if","locations":[{"start":{"line":170,"column":6},"end":{"line":170,"column":6}},{"start":{"line":170,"column":6},"end":{"line":170,"column":6}}]},"23":{"line":170,"type":"binary-expr","locations":[{"start":{"line":170,"column":10},"end":{"line":170,"column":30}},{"start":{"line":170,"column":34},"end":{"line":170,"column":63}}]},"24":{"line":174,"type":"cond-expr","locations":[{"start":{"line":174,"column":57},"end":{"line":174,"column":71}},{"start":{"line":174,"column":74},"end":{"line":174,"column":80}}]},"25":{"line":187,"type":"cond-expr","locations":[{"start":{"line":187,"column":65},"end":{"line":187,"column":98}},{"start":{"line":187,"column":101},"end":{"line":187,"column":107}}]},"26":{"line":203,"type":"cond-expr","locations":[{"start":{"line":203,"column":24},"end":{"line":203,"column":30}},{"start":{"line":203,"column":33},"end":{"line":203,"column":37}}]},"27":{"line":217,"type":"if","locations":[{"start":{"line":217,"column":6},"end":{"line":217,"column":6}},{"start":{"line":217,"column":6},"end":{"line":217,"column":6}}]},"28":{"line":221,"type":"if","locations":[{"start":{"line":221,"column":6},"end":{"line":221,"column":6}},{"start":{"line":221,"column":6},"end":{"line":221,"column":6}}]},"29":{"line":221,"type":"binary-expr","locations":[{"start":{"line":221,"column":10},"end":{"line":221,"column":40}},{"start":{"line":221,"column":44},"end":{"line":221,"column":70}},{"start":{"line":221,"column":74},"end":{"line":221,"column":97}},{"start":{"line":221,"column":101},"end":{"line":221,"column":125}}]}},"code":["'use strict';","","Object.defineProperty(exports, '__esModule', {","  value: true","});","","var _createClass = (function () { function defineProperties(target, props) { for (var i = 0; i < props.length; i++) { var descriptor = props[i]; descriptor.enumerable = descriptor.enumerable || false; descriptor.configurable = true; if ('value' in descriptor) descriptor.writable = true; Object.defineProperty(target, descriptor.key, descriptor); } } return function (Constructor, protoProps, staticProps) { if (protoProps) defineProperties(Constructor.prototype, protoProps); if (staticProps) defineProperties(Constructor, staticProps); return Constructor; }; })();","","function _interopRequireDefault(obj) { return obj && obj.__esModule ? obj : { 'default': obj }; }","","function _classCallCheck(instance, Constructor) { if (!(instance instanceof Constructor)) { throw new TypeError('Cannot call a class as a function'); } }","","var _webpackLibSingleEntryPlugin = require('webpack/lib/SingleEntryPlugin');","","var _webpackLibSingleEntryPlugin2 = _interopRequireDefault(_webpackLibSingleEntryPlugin);","","var _path = require('path');","","var _path2 = _interopRequireDefault(_path);","","var _webpack = require('webpack');","","var _webpack2 = _interopRequireDefault(_webpack);","","var _deepExtend = require('deep-extend');","","var _deepExtend2 = _interopRequireDefault(_deepExtend);","","var _miscUtils = require('./misc/utils');","","var ServiceWorker = (function () {","  function ServiceWorker(options) {","    _classCallCheck(this, ServiceWorker);","","    if ((0, _miscUtils.isAbsolutePath)(options.output)) {","      throw new Error('OfflinePlugin: ServiceWorker.output option must be a relative path, ' + 'but an absolute path was passed');","    }","","    this.output = options.output.replace(/^\\.\\/+/, '');","    this.publicPath = options.publicPath;","","    this.basePath = null;","    this.location = null;","    this.pathRewrite = null;","","    // Tool specific properties","    this.entry = options.entry;","    this.scope = options.scope ? options.scope + '' : void 0;","    this.events = !!options.events;","    this.navigateFallbackURL = options.navigateFallbackURL;","    this.navigateFallbackForRedirects = options.navigateFallbackForRedirects;","    this.prefetchRequest = this.validatePrefetch(options.prefetchRequest);","","    var cacheNameQualifier = '';","","    if (options.cacheName) {","      cacheNameQualifier = ':' + options.cacheName;","    }","","    this.ENTRY_NAME = 'serviceworker';","    this.CACHE_NAME = 'webpack-offline' + cacheNameQualifier;","    this.SW_DATA_VAR = '__wpo';","  }","","  _createClass(ServiceWorker, [{","    key: 'addEntry',","    value: function addEntry(plugin, compilation, compiler) {","      if (!this.entry) return Promise.resolve();","","      var name = plugin.entryPrefix + this.ENTRY_NAME;","      var childCompiler = compilation.createChildCompiler(name, {","        // filename: this.output","        filename: name","      });","","      var data = JSON.stringify({","        data_var_name: this.SW_DATA_VAR,","        loaders: Object.keys(plugin.loaders),","        cacheMaps: plugin.cacheMaps","      });","","      var loader = '!!' + _path2['default'].join(__dirname, 'misc/sw-loader.js') + '?json=' + escape(data);","      var entry = loader + '!' + this.entry;","","      childCompiler.context = compiler.context;","      childCompiler.apply(new _webpackLibSingleEntryPlugin2['default'](compiler.context, entry, name));","","      (compiler.options.plugins || []).some(function (plugin) {","        if (plugin instanceof _webpack2['default'].optimize.UglifyJsPlugin) {","          var options = (0, _deepExtend2['default'])({}, plugin.options);","","          options.test = new RegExp(name);","          childCompiler.apply(new _webpack2['default'].optimize.UglifyJsPlugin(options));","","          return true;","        }","      });","","      // Needed for HMR. offline-plugin doesn't support it,","      // but added just in case to prevent other errors","      childCompiler.plugin('compilation', function (compilation) {","        if (compilation.cache) {","          if (!compilation.cache[name]) {","            compilation.cache[name] = {};","          }","","          compilation.cache = compilation.cache[name];","        }","      });","","      return new Promise(function (resolve, reject) {","        childCompiler.runAsChild(function (err, entries, childCompilation) {","          if (err) {","            reject(err);","            return;","          }","","          resolve();","        });","      });","    }","  }, {","    key: 'apply',","    value: function apply(plugin, compilation, compiler) {","      var minify = (compiler.options.plugins || []).some(function (plugin) {","        return plugin instanceof _webpack2['default'].optimize.UglifyJsPlugin;","      });","","      var source = this.getDataTemplate(plugin.caches, plugin, minify);","","      if (this.entry) {","        var _name = plugin.entryPrefix + this.ENTRY_NAME;","        var asset = compilation.assets[_name];","","        if (!asset) {","          compilation.errors.push(new Error('OfflinePlugin: ServiceWorker entry is not found in output assets'));","","          return;","        }","","        delete compilation.assets[_name];","","        if (!plugin.__tests.swMetadataOnly) {","          source += '\\n\\n' + asset.source();","        }","      }","","      compilation.assets[this.output] = (0, _miscUtils.getSource)(source);","    }","  }, {","    key: 'getDataTemplate',","    value: function getDataTemplate(data, plugin, minify) {","      var rewriteFunction = this.pathRewrite;","","      var cache = function cache(key) {","        return (data[key] || []).map(rewriteFunction);","      };","","      var hashesMap = Object.keys(plugin.hashesMap).reduce(function (result, hash) {","        var asset = plugin.hashesMap[hash];","","        result[hash] = rewriteFunction(asset);","        return result;","      }, {});","","      var externals = plugin.externals.map(rewriteFunction);","","      var pluginVersion = undefined;","","      if (plugin.pluginVersion && !plugin.__tests.noVersionDump) {","        pluginVersion = plugin.pluginVersion;","      }","","      var loaders = Object.keys(plugin.loaders).length ? plugin.loaders : void 0;","","      return ('\\n      var ' + this.SW_DATA_VAR + ' = ' + JSON.stringify({","        assets: {","          main: cache('main'),","          additional: cache('additional'),","          optional: cache('optional')","        },","","        externals: externals,","","        hashesMap: hashesMap,","        navigateFallbackURL: this.navigateFallbackURL,","        navigateFallbackForRedirects: this.navigateFallbackURL ? this.navigateFallbackForRedirects : void 0,","","        strategy: plugin.strategy,","        responseStrategy: plugin.responseStrategy,","        version: plugin.version,","        name: this.CACHE_NAME,","        pluginVersion: pluginVersion,","        relativePaths: plugin.relativePaths,","","        prefetchRequest: this.prefetchRequest,","        loaders: loaders,","","        // These aren't added","        alwaysRevalidate: plugin.alwaysRevalidate,","        preferOnline: plugin.preferOnline,","        ignoreSearch: plugin.ignoreSearch","      }, null, minify ? void 0 : '  ') + ';\\n    ').trim();","    }","  }, {","    key: 'getConfig',","    value: function getConfig(plugin) {","      return {","        location: this.location,","        scope: this.scope,","        events: this.events","      };","    }","  }, {","    key: 'validatePrefetch',","    value: function validatePrefetch(request) {","      if (!request) {","        return void 0;","      }","","      if (request.credentials === 'omit' && request.headers === void 0 && request.mode === 'cors' && request.cache === void 0) {","        return void 0;","      }","","      return {","        credentials: request.credentials,","        headers: request.headers,","        mode: request.mode,","        cache: request.cache","      };","    }","  }]);","","  return ServiceWorker;","})();","","exports['default'] = ServiceWorker;","module.exports = exports['default'];"],"l":{"3":4,"7":4,"9":1,"11":1,"13":4,"15":0,"17":0,"19":0,"21":0,"23":0,"25":0,"27":0,"29":0,"31":0,"32":1,"33":0,"35":0,"36":0,"39":0,"40":0,"42":0,"43":0,"44":0,"47":0,"48":0,"49":0,"50":0,"51":0,"52":0,"54":0,"56":0,"57":0,"60":0,"61":0,"62":0,"65":0,"68":0,"70":0,"71":0,"76":0,"82":0,"83":0,"85":0,"86":0,"88":0,"89":0,"90":0,"92":0,"93":0,"95":0,"101":0,"102":0,"103":0,"104":0,"107":0,"111":0,"112":0,"113":0,"114":0,"115":0,"118":0,"125":0,"126":0,"129":0,"131":0,"132":0,"133":0,"135":0,"136":0,"138":0,"141":0,"143":0,"144":0,"148":0,"153":0,"155":0,"156":0,"159":0,"160":0,"162":0,"163":0,"166":0,"168":0,"170":0,"171":0,"174":0,"176":0,"208":0,"217":0,"218":0,"221":0,"222":0,"225":0,"234":0,"237":0,"238":0}},"/home/travis/build/npmtest/node-npmtest-offline-plugin/node_modules/offline-plugin/empty-entry.js":{"path":"/home/travis/build/npmtest/node-npmtest-offline-plugin/node_modules/offline-plugin/empty-entry.js","s":{},"b":{},"f":{},"fnMap":{},"statementMap":{},"branchMap":{},"code":[""]},"/home/travis/build/npmtest/node-npmtest-offline-plugin/node_modules/offline-plugin/runtime.js":{"path":"/home/travis/build/npmtest/node-npmtest-offline-plugin/node_modules/offline-plugin/runtime.js","s":{"1":2,"2":2,"3":0,"4":0,"5":0,"6":0,"7":0,"8":0,"9":0},"b":{"1":[0,0],"2":[0,0],"3":[0,0]},"f":{"1":0,"2":0,"3":0},"fnMap":{"1":{"name":"(anonymous_1)","line":11,"loc":{"start":{"line":11,"column":18},"end":{"line":11,"column":29}}},"2":{"name":"(anonymous_2)","line":12,"loc":{"start":{"line":12,"column":22},"end":{"line":12,"column":33}}},"3":{"name":"(anonymous_3)","line":13,"loc":{"start":{"line":13,"column":17},"end":{"line":13,"column":28}}}},"statementMap":{"1":{"start":{"line":1,"column":0},"end":{"line":1,"column":150}},"2":{"start":{"line":3,"column":0},"end":{"line":9,"column":1}},"3":{"start":{"line":4,"column":2},"end":{"line":8,"column":3}},"4":{"start":{"line":5,"column":4},"end":{"line":5,"column":23}},"5":{"start":{"line":6,"column":9},"end":{"line":8,"column":3}},"6":{"start":{"line":7,"column":4},"end":{"line":7,"column":22}},"7":{"start":{"line":11,"column":0},"end":{"line":11,"column":32}},"8":{"start":{"line":12,"column":0},"end":{"line":12,"column":36}},"9":{"start":{"line":13,"column":0},"end":{"line":13,"column":31}}},"branchMap":{"1":{"line":3,"type":"if","locations":[{"start":{"line":3,"column":0},"end":{"line":3,"column":0}},{"start":{"line":3,"column":0},"end":{"line":3,"column":0}}]},"2":{"line":4,"type":"if","locations":[{"start":{"line":4,"column":2},"end":{"line":4,"column":2}},{"start":{"line":4,"column":2},"end":{"line":4,"column":2}}]},"3":{"line":6,"type":"if","locations":[{"start":{"line":6,"column":9},"end":{"line":6,"column":9}},{"start":{"line":6,"column":9},"end":{"line":6,"column":9}}]}},"code":["var warn = \"offline-plugin: runtime was installed without OfflinePlugin being added to the webpack.config.js. See https://goo.gl/2Ca7NO for details.\";","","if (window.console) {","  if (console.info) {","    console.info(warn);","  } else if (console.log) {","    console.log(warn);","  }","}","","exports.install = function() {};","exports.applyUpdate = function() {};","exports.update = function() {};"],"l":{"1":2,"3":2,"4":0,"5":0,"6":0,"7":0,"11":0,"12":0,"13":0}}}